[0.229s] DEBUG:colcon:Command line arguments: ['/usr/bin/colcon', 'build', '--symlink-install']
[0.230s] DEBUG:colcon:Parsed command line arguments: Namespace(log_base=None, log_level=None, verb_name='build', build_base='build', install_base='install', merge_install=False, symlink_install=True, test_result_base=None, continue_on_error=False, executor='parallel', parallel_workers=6, event_handlers=None, ignore_user_meta=False, metas=['./colcon.meta'], base_paths=['.'], packages_ignore=None, packages_ignore_regex=None, paths=None, packages_up_to=None, packages_up_to_regex=None, packages_above=None, packages_above_and_dependencies=None, packages_above_depth=None, packages_select_by_dep=None, packages_skip_by_dep=None, packages_skip_up_to=None, packages_select_build_failed=False, packages_skip_build_finished=False, packages_select_test_failures=False, packages_skip_test_passed=False, packages_select=None, packages_skip=None, packages_select_regex=None, packages_skip_regex=None, packages_start=None, packages_end=None, allow_overriding=[], cmake_args=None, cmake_target=None, cmake_target_skip_unavailable=False, cmake_clean_cache=False, cmake_clean_first=False, cmake_force_configure=False, ament_cmake_args=None, catkin_cmake_args=None, catkin_skip_building_tests=False, mixin_files=None, mixin=None, verb_parser=<colcon_mixin.mixin.mixin_argument.MixinArgumentDecorator object at 0xffffae9b3160>, verb_extension=<colcon_core.verb.build.BuildVerb object at 0xffffaeacb7f0>, main=<bound method BuildVerb.main of <colcon_core.verb.build.BuildVerb object at 0xffffaeacb7f0>>, mixin_verb=('build',))
[0.628s] Level 1:colcon.colcon_core.package_discovery:discover_packages(colcon_meta) check parameters
[0.628s] Level 1:colcon.colcon_core.package_discovery:discover_packages(recursive) check parameters
[0.628s] Level 1:colcon.colcon_core.package_discovery:discover_packages(ignore) check parameters
[0.628s] Level 1:colcon.colcon_core.package_discovery:discover_packages(path) check parameters
[0.628s] Level 1:colcon.colcon_core.package_discovery:discover_packages(colcon_meta) discover
[0.628s] Level 1:colcon.colcon_core.package_discovery:discover_packages(recursive) discover
[0.629s] INFO:colcon.colcon_core.package_discovery:Crawling recursively for packages in '/home/tera/ros2_ws2'
[0.629s] Level 1:colcon.colcon_core.package_identification:_identify(.) by extensions ['ignore', 'ignore_ament_install']
[0.629s] Level 1:colcon.colcon_core.package_identification:_identify(.) by extension 'ignore'
[0.629s] Level 1:colcon.colcon_core.package_identification:_identify(.) by extension 'ignore_ament_install'
[0.629s] Level 1:colcon.colcon_core.package_identification:_identify(.) by extensions ['colcon_pkg']
[0.629s] Level 1:colcon.colcon_core.package_identification:_identify(.) by extension 'colcon_pkg'
[0.629s] Level 1:colcon.colcon_core.package_identification:_identify(.) by extensions ['colcon_meta']
[0.629s] Level 1:colcon.colcon_core.package_identification:_identify(.) by extension 'colcon_meta'
[0.630s] Level 1:colcon.colcon_core.package_identification:_identify(.) by extensions ['ros']
[0.630s] Level 1:colcon.colcon_core.package_identification:_identify(.) by extension 'ros'
[0.653s] Level 1:colcon.colcon_core.package_identification:_identify(.) by extensions ['cmake', 'python']
[0.653s] Level 1:colcon.colcon_core.package_identification:_identify(.) by extension 'cmake'
[0.654s] Level 1:colcon.colcon_core.package_identification:_identify(.) by extension 'python'
[0.654s] Level 1:colcon.colcon_core.package_identification:_identify(.) by extensions ['python_setup_py']
[0.654s] Level 1:colcon.colcon_core.package_identification:_identify(.) by extension 'python_setup_py'
[0.654s] Level 1:colcon.colcon_core.package_identification:_identify(build) by extensions ['ignore', 'ignore_ament_install']
[0.654s] Level 1:colcon.colcon_core.package_identification:_identify(build) by extension 'ignore'
[0.654s] Level 1:colcon.colcon_core.package_identification:_identify(build) ignored
[0.655s] Level 1:colcon.colcon_core.package_identification:_identify(install) by extensions ['ignore', 'ignore_ament_install']
[0.655s] Level 1:colcon.colcon_core.package_identification:_identify(install) by extension 'ignore'
[0.655s] Level 1:colcon.colcon_core.package_identification:_identify(install) ignored
[0.655s] Level 1:colcon.colcon_core.package_identification:_identify(log) by extensions ['ignore', 'ignore_ament_install']
[0.655s] Level 1:colcon.colcon_core.package_identification:_identify(log) by extension 'ignore'
[0.655s] Level 1:colcon.colcon_core.package_identification:_identify(log) ignored
[0.656s] Level 1:colcon.colcon_core.package_identification:_identify(src) by extensions ['ignore', 'ignore_ament_install']
[0.656s] Level 1:colcon.colcon_core.package_identification:_identify(src) by extension 'ignore'
[0.656s] Level 1:colcon.colcon_core.package_identification:_identify(src) by extension 'ignore_ament_install'
[0.656s] Level 1:colcon.colcon_core.package_identification:_identify(src) by extensions ['colcon_pkg']
[0.656s] Level 1:colcon.colcon_core.package_identification:_identify(src) by extension 'colcon_pkg'
[0.656s] Level 1:colcon.colcon_core.package_identification:_identify(src) by extensions ['colcon_meta']
[0.656s] Level 1:colcon.colcon_core.package_identification:_identify(src) by extension 'colcon_meta'
[0.656s] Level 1:colcon.colcon_core.package_identification:_identify(src) by extensions ['ros']
[0.656s] Level 1:colcon.colcon_core.package_identification:_identify(src) by extension 'ros'
[0.657s] Level 1:colcon.colcon_core.package_identification:_identify(src) by extensions ['cmake', 'python']
[0.657s] Level 1:colcon.colcon_core.package_identification:_identify(src) by extension 'cmake'
[0.657s] Level 1:colcon.colcon_core.package_identification:_identify(src) by extension 'python'
[0.657s] Level 1:colcon.colcon_core.package_identification:_identify(src) by extensions ['python_setup_py']
[0.657s] Level 1:colcon.colcon_core.package_identification:_identify(src) by extension 'python_setup_py'
[0.657s] Level 1:colcon.colcon_core.package_identification:_identify(src/gps_data) by extensions ['ignore', 'ignore_ament_install']
[0.657s] Level 1:colcon.colcon_core.package_identification:_identify(src/gps_data) by extension 'ignore'
[0.657s] Level 1:colcon.colcon_core.package_identification:_identify(src/gps_data) by extension 'ignore_ament_install'
[0.658s] Level 1:colcon.colcon_core.package_identification:_identify(src/gps_data) by extensions ['colcon_pkg']
[0.658s] Level 1:colcon.colcon_core.package_identification:_identify(src/gps_data) by extension 'colcon_pkg'
[0.658s] Level 1:colcon.colcon_core.package_identification:_identify(src/gps_data) by extensions ['colcon_meta']
[0.658s] Level 1:colcon.colcon_core.package_identification:_identify(src/gps_data) by extension 'colcon_meta'
[0.658s] Level 1:colcon.colcon_core.package_identification:_identify(src/gps_data) by extensions ['ros']
[0.658s] Level 1:colcon.colcon_core.package_identification:_identify(src/gps_data) by extension 'ros'
[0.662s] DEBUG:colcon.colcon_core.package_identification:Package 'src/gps_data' with type 'ros.ament_python' and name 'gps_data'
[0.663s] Level 1:colcon.colcon_core.package_identification:_identify(src/teleop) by extensions ['ignore', 'ignore_ament_install']
[0.663s] Level 1:colcon.colcon_core.package_identification:_identify(src/teleop) by extension 'ignore'
[0.663s] Level 1:colcon.colcon_core.package_identification:_identify(src/teleop) by extension 'ignore_ament_install'
[0.663s] Level 1:colcon.colcon_core.package_identification:_identify(src/teleop) by extensions ['colcon_pkg']
[0.663s] Level 1:colcon.colcon_core.package_identification:_identify(src/teleop) by extension 'colcon_pkg'
[0.663s] Level 1:colcon.colcon_core.package_identification:_identify(src/teleop) by extensions ['colcon_meta']
[0.663s] Level 1:colcon.colcon_core.package_identification:_identify(src/teleop) by extension 'colcon_meta'
[0.664s] Level 1:colcon.colcon_core.package_identification:_identify(src/teleop) by extensions ['ros']
[0.664s] Level 1:colcon.colcon_core.package_identification:_identify(src/teleop) by extension 'ros'
[0.665s] DEBUG:colcon.colcon_core.package_identification:Package 'src/teleop' with type 'ros.ament_python' and name 'teleop'
[0.665s] Level 1:colcon.colcon_core.package_discovery:discover_packages(recursive) using defaults
[0.665s] Level 1:colcon.colcon_core.package_discovery:discover_packages(ignore) discover
[0.665s] Level 1:colcon.colcon_core.package_discovery:discover_packages(ignore) using defaults
[0.665s] Level 1:colcon.colcon_core.package_discovery:discover_packages(path) discover
[0.665s] Level 1:colcon.colcon_core.package_discovery:discover_packages(path) using defaults
[0.729s] Level 1:colcon.colcon_core.package_discovery:discover_packages(prefix_path) check parameters
[0.729s] Level 1:colcon.colcon_core.package_discovery:discover_packages(prefix_path) discover
[0.732s] DEBUG:colcon.colcon_installed_package_information.package_discovery:Found 2 installed packages in /home/tera/ros2_ws2/install
[0.735s] DEBUG:colcon.colcon_installed_package_information.package_discovery:Found 307 installed packages in /opt/ros/humble
[0.738s] Level 1:colcon.colcon_core.package_discovery:discover_packages(prefix_path) using defaults
[0.818s] Level 5:colcon.colcon_core.verb:set package 'gps_data' build argument 'cmake_args' from command line to 'None'
[0.818s] Level 5:colcon.colcon_core.verb:set package 'gps_data' build argument 'cmake_target' from command line to 'None'
[0.818s] Level 5:colcon.colcon_core.verb:set package 'gps_data' build argument 'cmake_target_skip_unavailable' from command line to 'False'
[0.818s] Level 5:colcon.colcon_core.verb:set package 'gps_data' build argument 'cmake_clean_cache' from command line to 'False'
[0.818s] Level 5:colcon.colcon_core.verb:set package 'gps_data' build argument 'cmake_clean_first' from command line to 'False'
[0.818s] Level 5:colcon.colcon_core.verb:set package 'gps_data' build argument 'cmake_force_configure' from command line to 'False'
[0.818s] Level 5:colcon.colcon_core.verb:set package 'gps_data' build argument 'ament_cmake_args' from command line to 'None'
[0.818s] Level 5:colcon.colcon_core.verb:set package 'gps_data' build argument 'catkin_cmake_args' from command line to 'None'
[0.818s] Level 5:colcon.colcon_core.verb:set package 'gps_data' build argument 'catkin_skip_building_tests' from command line to 'False'
[0.818s] DEBUG:colcon.colcon_core.verb:Building package 'gps_data' with the following arguments: {'ament_cmake_args': None, 'build_base': '/home/tera/ros2_ws2/build/gps_data', 'catkin_cmake_args': None, 'catkin_skip_building_tests': False, 'cmake_args': None, 'cmake_clean_cache': False, 'cmake_clean_first': False, 'cmake_force_configure': False, 'cmake_target': None, 'cmake_target_skip_unavailable': False, 'install_base': '/home/tera/ros2_ws2/install/gps_data', 'merge_install': False, 'path': '/home/tera/ros2_ws2/src/gps_data', 'symlink_install': True, 'test_result_base': None}
[0.819s] Level 5:colcon.colcon_core.verb:set package 'teleop' build argument 'cmake_args' from command line to 'None'
[0.819s] Level 5:colcon.colcon_core.verb:set package 'teleop' build argument 'cmake_target' from command line to 'None'
[0.819s] Level 5:colcon.colcon_core.verb:set package 'teleop' build argument 'cmake_target_skip_unavailable' from command line to 'False'
[0.819s] Level 5:colcon.colcon_core.verb:set package 'teleop' build argument 'cmake_clean_cache' from command line to 'False'
[0.819s] Level 5:colcon.colcon_core.verb:set package 'teleop' build argument 'cmake_clean_first' from command line to 'False'
[0.819s] Level 5:colcon.colcon_core.verb:set package 'teleop' build argument 'cmake_force_configure' from command line to 'False'
[0.819s] Level 5:colcon.colcon_core.verb:set package 'teleop' build argument 'ament_cmake_args' from command line to 'None'
[0.819s] Level 5:colcon.colcon_core.verb:set package 'teleop' build argument 'catkin_cmake_args' from command line to 'None'
[0.820s] Level 5:colcon.colcon_core.verb:set package 'teleop' build argument 'catkin_skip_building_tests' from command line to 'False'
[0.820s] DEBUG:colcon.colcon_core.verb:Building package 'teleop' with the following arguments: {'ament_cmake_args': None, 'build_base': '/home/tera/ros2_ws2/build/teleop', 'catkin_cmake_args': None, 'catkin_skip_building_tests': False, 'cmake_args': None, 'cmake_clean_cache': False, 'cmake_clean_first': False, 'cmake_force_configure': False, 'cmake_target': None, 'cmake_target_skip_unavailable': False, 'install_base': '/home/tera/ros2_ws2/install/teleop', 'merge_install': False, 'path': '/home/tera/ros2_ws2/src/teleop', 'symlink_install': True, 'test_result_base': None}
[0.820s] INFO:colcon.colcon_core.executor:Executing jobs using 'parallel' executor
[0.822s] DEBUG:colcon.colcon_parallel_executor.executor.parallel:run_until_complete
[0.823s] INFO:colcon.colcon_ros.task.ament_python.build:Building ROS package in '/home/tera/ros2_ws2/src/gps_data' with build type 'ament_python'
[0.823s] Level 1:colcon.colcon_core.shell:create_environment_hook('gps_data', 'ament_prefix_path')
[0.827s] INFO:colcon.colcon_core.plugin_system:Skipping extension 'colcon_core.shell.bat': Not used on non-Windows systems
[0.828s] INFO:colcon.colcon_core.shell:Creating environment hook '/home/tera/ros2_ws2/install/gps_data/share/gps_data/hook/ament_prefix_path.ps1'
[0.829s] INFO:colcon.colcon_core.shell:Creating environment descriptor '/home/tera/ros2_ws2/install/gps_data/share/gps_data/hook/ament_prefix_path.dsv'
[0.830s] INFO:colcon.colcon_core.shell:Creating environment hook '/home/tera/ros2_ws2/install/gps_data/share/gps_data/hook/ament_prefix_path.sh'
[0.831s] INFO:colcon.colcon_core.shell:Skip shell extension 'powershell' for command environment: Not usable outside of PowerShell
[0.831s] DEBUG:colcon.colcon_core.shell:Skip shell extension 'dsv' for command environment
[0.838s] INFO:colcon.colcon_ros.task.ament_python.build:Building ROS package in '/home/tera/ros2_ws2/src/teleop' with build type 'ament_python'
[0.838s] Level 1:colcon.colcon_core.shell:create_environment_hook('teleop', 'ament_prefix_path')
[0.838s] INFO:colcon.colcon_core.shell:Creating environment hook '/home/tera/ros2_ws2/install/teleop/share/teleop/hook/ament_prefix_path.ps1'
[0.840s] INFO:colcon.colcon_core.shell:Creating environment descriptor '/home/tera/ros2_ws2/install/teleop/share/teleop/hook/ament_prefix_path.dsv'
[0.841s] INFO:colcon.colcon_core.shell:Creating environment hook '/home/tera/ros2_ws2/install/teleop/share/teleop/hook/ament_prefix_path.sh'
[0.842s] INFO:colcon.colcon_core.shell:Skip shell extension 'powershell' for command environment: Not usable outside of PowerShell
[0.842s] DEBUG:colcon.colcon_core.shell:Skip shell extension 'dsv' for command environment
[1.430s] INFO:colcon.colcon_core.task.python.build:Building Python package in '/home/tera/ros2_ws2/src/gps_data'
[1.430s] INFO:colcon.colcon_core.shell:Skip shell extension 'powershell' for command environment: Not usable outside of PowerShell
[1.430s] DEBUG:colcon.colcon_core.shell:Skip shell extension 'dsv' for command environment
[2.030s] INFO:colcon.colcon_core.task.python.build:Building Python package in '/home/tera/ros2_ws2/src/teleop'
[2.031s] INFO:colcon.colcon_core.shell:Skip shell extension 'powershell' for command environment: Not usable outside of PowerShell
[2.032s] DEBUG:colcon.colcon_core.shell:Skip shell extension 'dsv' for command environment
[2.883s] DEBUG:colcon.colcon_core.event_handler.log_command:Invoking command in '/home/tera/ros2_ws2/build/teleop': PYTHONPATH=/home/tera/ros2_ws2/build/teleop/prefix_override:/home/tera/ros2_ws2/install/teleop/lib/python3.10/site-packages:${PYTHONPATH} /usr/bin/python3 -W ignore:setup.py install is deprecated setup.py develop --editable --build-directory /home/tera/ros2_ws2/build/teleop/build --no-deps symlink_data
[2.901s] DEBUG:colcon.colcon_core.event_handler.log_command:Invoking command in '/home/tera/ros2_ws2/build/gps_data': PYTHONPATH=/home/tera/ros2_ws2/build/gps_data/prefix_override:/home/tera/ros2_ws2/install/gps_data/lib/python3.10/site-packages:${PYTHONPATH} /usr/bin/python3 -W ignore:setup.py install is deprecated setup.py develop --editable --build-directory /home/tera/ros2_ws2/build/gps_data/build --no-deps symlink_data
[4.069s] Level 1:colcon.colcon_core.shell:create_environment_hook('teleop', 'pythonpath_develop')
[4.070s] INFO:colcon.colcon_core.shell:Creating environment hook '/home/tera/ros2_ws2/build/teleop/share/teleop/hook/pythonpath_develop.ps1'
[4.071s] INFO:colcon.colcon_core.shell:Creating environment descriptor '/home/tera/ros2_ws2/build/teleop/share/teleop/hook/pythonpath_develop.dsv'
[4.072s] DEBUG:colcon.colcon_core.event_handler.log_command:Invoked command in '/home/tera/ros2_ws2/build/teleop' returned '0': PYTHONPATH=/home/tera/ros2_ws2/build/teleop/prefix_override:/home/tera/ros2_ws2/install/teleop/lib/python3.10/site-packages:${PYTHONPATH} /usr/bin/python3 -W ignore:setup.py install is deprecated setup.py develop --editable --build-directory /home/tera/ros2_ws2/build/teleop/build --no-deps symlink_data
[4.073s] INFO:colcon.colcon_core.shell:Creating environment hook '/home/tera/ros2_ws2/build/teleop/share/teleop/hook/pythonpath_develop.sh'
[4.081s] Level 1:colcon.colcon_core.environment:checking '/home/tera/ros2_ws2/install/teleop' for CMake module files
[4.082s] Level 1:colcon.colcon_core.environment:checking '/home/tera/ros2_ws2/install/teleop' for CMake config files
[4.083s] Level 1:colcon.colcon_core.environment:checking '/home/tera/ros2_ws2/install/teleop/lib'
[4.084s] Level 1:colcon.colcon_core.environment:checking '/home/tera/ros2_ws2/install/teleop/bin'
[4.084s] Level 1:colcon.colcon_core.environment:checking '/home/tera/ros2_ws2/install/teleop/lib/pkgconfig/teleop.pc'
[4.085s] Level 1:colcon.colcon_core.environment:checking '/home/tera/ros2_ws2/install/teleop/lib/python3.10/site-packages'
[4.085s] Level 1:colcon.colcon_core.shell:create_environment_hook('teleop', 'pythonpath')
[4.085s] INFO:colcon.colcon_core.shell:Creating environment hook '/home/tera/ros2_ws2/install/teleop/share/teleop/hook/pythonpath.ps1'
[4.086s] INFO:colcon.colcon_core.shell:Creating environment descriptor '/home/tera/ros2_ws2/install/teleop/share/teleop/hook/pythonpath.dsv'
[4.092s] INFO:colcon.colcon_core.shell:Creating environment hook '/home/tera/ros2_ws2/install/teleop/share/teleop/hook/pythonpath.sh'
[4.102s] Level 1:colcon.colcon_core.environment:checking '/home/tera/ros2_ws2/install/teleop/bin'
[4.102s] Level 1:colcon.colcon_core.environment:create_environment_scripts_only(teleop)
[4.103s] INFO:colcon.colcon_core.shell:Creating package script '/home/tera/ros2_ws2/install/teleop/share/teleop/package.ps1'
[4.115s] INFO:colcon.colcon_core.shell:Creating package descriptor '/home/tera/ros2_ws2/install/teleop/share/teleop/package.dsv'
[4.118s] INFO:colcon.colcon_core.shell:Creating package script '/home/tera/ros2_ws2/install/teleop/share/teleop/package.sh'
[4.119s] INFO:colcon.colcon_core.shell:Creating package script '/home/tera/ros2_ws2/install/teleop/share/teleop/package.bash'
[4.121s] INFO:colcon.colcon_core.shell:Creating package script '/home/tera/ros2_ws2/install/teleop/share/teleop/package.zsh'
[4.127s] Level 1:colcon.colcon_core.environment:create_file_with_runtime_dependencies(/home/tera/ros2_ws2/install/teleop/share/colcon-core/packages/teleop)
[4.145s] Level 1:colcon.colcon_core.shell:create_environment_hook('gps_data', 'pythonpath_develop')
[4.146s] INFO:colcon.colcon_core.shell:Creating environment hook '/home/tera/ros2_ws2/build/gps_data/share/gps_data/hook/pythonpath_develop.ps1'
[4.147s] DEBUG:colcon.colcon_core.event_handler.log_command:Invoked command in '/home/tera/ros2_ws2/build/gps_data' returned '0': PYTHONPATH=/home/tera/ros2_ws2/build/gps_data/prefix_override:/home/tera/ros2_ws2/install/gps_data/lib/python3.10/site-packages:${PYTHONPATH} /usr/bin/python3 -W ignore:setup.py install is deprecated setup.py develop --editable --build-directory /home/tera/ros2_ws2/build/gps_data/build --no-deps symlink_data
[4.148s] INFO:colcon.colcon_core.shell:Creating environment descriptor '/home/tera/ros2_ws2/build/gps_data/share/gps_data/hook/pythonpath_develop.dsv'
[4.149s] INFO:colcon.colcon_core.shell:Creating environment hook '/home/tera/ros2_ws2/build/gps_data/share/gps_data/hook/pythonpath_develop.sh'
[4.150s] Level 1:colcon.colcon_core.environment:checking '/home/tera/ros2_ws2/install/gps_data' for CMake module files
[4.151s] Level 1:colcon.colcon_core.environment:checking '/home/tera/ros2_ws2/install/gps_data' for CMake config files
[4.152s] Level 1:colcon.colcon_core.environment:checking '/home/tera/ros2_ws2/install/gps_data/lib'
[4.153s] Level 1:colcon.colcon_core.environment:checking '/home/tera/ros2_ws2/install/gps_data/bin'
[4.153s] Level 1:colcon.colcon_core.environment:checking '/home/tera/ros2_ws2/install/gps_data/lib/pkgconfig/gps_data.pc'
[4.153s] Level 1:colcon.colcon_core.environment:checking '/home/tera/ros2_ws2/install/gps_data/lib/python3.10/site-packages'
[4.153s] Level 1:colcon.colcon_core.shell:create_environment_hook('gps_data', 'pythonpath')
[4.154s] INFO:colcon.colcon_core.shell:Creating environment hook '/home/tera/ros2_ws2/install/gps_data/share/gps_data/hook/pythonpath.ps1'
[4.155s] INFO:colcon.colcon_core.shell:Creating environment descriptor '/home/tera/ros2_ws2/install/gps_data/share/gps_data/hook/pythonpath.dsv'
[4.155s] INFO:colcon.colcon_core.shell:Creating environment hook '/home/tera/ros2_ws2/install/gps_data/share/gps_data/hook/pythonpath.sh'
[4.157s] Level 1:colcon.colcon_core.environment:checking '/home/tera/ros2_ws2/install/gps_data/bin'
[4.157s] Level 1:colcon.colcon_core.environment:create_environment_scripts_only(gps_data)
[4.157s] INFO:colcon.colcon_core.shell:Creating package script '/home/tera/ros2_ws2/install/gps_data/share/gps_data/package.ps1'
[4.159s] INFO:colcon.colcon_core.shell:Creating package descriptor '/home/tera/ros2_ws2/install/gps_data/share/gps_data/package.dsv'
[4.160s] INFO:colcon.colcon_core.shell:Creating package script '/home/tera/ros2_ws2/install/gps_data/share/gps_data/package.sh'
[4.161s] INFO:colcon.colcon_core.shell:Creating package script '/home/tera/ros2_ws2/install/gps_data/share/gps_data/package.bash'
[4.161s] INFO:colcon.colcon_core.shell:Creating package script '/home/tera/ros2_ws2/install/gps_data/share/gps_data/package.zsh'
[4.162s] Level 1:colcon.colcon_core.environment:create_file_with_runtime_dependencies(/home/tera/ros2_ws2/install/gps_data/share/colcon-core/packages/gps_data)
[4.164s] DEBUG:colcon.colcon_parallel_executor.executor.parallel:closing loop
[4.164s] DEBUG:colcon.colcon_parallel_executor.executor.parallel:loop closed
[4.165s] DEBUG:colcon.colcon_parallel_executor.executor.parallel:run_until_complete finished with '0'
[4.165s] DEBUG:colcon.colcon_core.event_reactor:joining thread
[4.177s] INFO:colcon.colcon_core.plugin_system:Skipping extension 'colcon_notification.desktop_notification.terminal_notifier': Not used on non-Darwin systems
[4.178s] INFO:colcon.colcon_core.plugin_system:Skipping extension 'colcon_notification.desktop_notification.win32': Not used on non-Windows systems
[4.178s] INFO:colcon.colcon_notification.desktop_notification:Sending desktop notification using 'notify2'
[4.232s] DEBUG:colcon.colcon_core.event_reactor:joined thread
[4.233s] INFO:colcon.colcon_core.shell:Creating prefix script '/home/tera/ros2_ws2/install/local_setup.ps1'
[4.235s] INFO:colcon.colcon_core.shell:Creating prefix util module '/home/tera/ros2_ws2/install/_local_setup_util_ps1.py'
[4.238s] INFO:colcon.colcon_core.shell:Creating prefix chain script '/home/tera/ros2_ws2/install/setup.ps1'
[4.240s] INFO:colcon.colcon_core.shell:Creating prefix script '/home/tera/ros2_ws2/install/local_setup.sh'
[4.241s] INFO:colcon.colcon_core.shell:Creating prefix util module '/home/tera/ros2_ws2/install/_local_setup_util_sh.py'
[4.243s] INFO:colcon.colcon_core.shell:Creating prefix chain script '/home/tera/ros2_ws2/install/setup.sh'
[4.245s] INFO:colcon.colcon_core.shell:Creating prefix script '/home/tera/ros2_ws2/install/local_setup.bash'
[4.246s] INFO:colcon.colcon_core.shell:Creating prefix chain script '/home/tera/ros2_ws2/install/setup.bash'
[4.248s] INFO:colcon.colcon_core.shell:Creating prefix script '/home/tera/ros2_ws2/install/local_setup.zsh'
[4.249s] INFO:colcon.colcon_core.shell:Creating prefix chain script '/home/tera/ros2_ws2/install/setup.zsh'
