[0.281s] DEBUG:colcon:Command line arguments: ['/usr/bin/colcon', 'build', '--symlink-install']
[0.281s] DEBUG:colcon:Parsed command line arguments: Namespace(log_base=None, log_level=None, verb_name='build', build_base='build', install_base='install', merge_install=False, symlink_install=True, test_result_base=None, continue_on_error=False, executor='parallel', parallel_workers=6, event_handlers=None, ignore_user_meta=False, metas=['./colcon.meta'], base_paths=['.'], packages_ignore=None, packages_ignore_regex=None, paths=None, packages_up_to=None, packages_up_to_regex=None, packages_above=None, packages_above_and_dependencies=None, packages_above_depth=None, packages_select_by_dep=None, packages_skip_by_dep=None, packages_skip_up_to=None, packages_select_build_failed=False, packages_skip_build_finished=False, packages_select_test_failures=False, packages_skip_test_passed=False, packages_select=None, packages_skip=None, packages_select_regex=None, packages_skip_regex=None, packages_start=None, packages_end=None, allow_overriding=[], cmake_args=None, cmake_target=None, cmake_target_skip_unavailable=False, cmake_clean_cache=False, cmake_clean_first=False, cmake_force_configure=False, ament_cmake_args=None, catkin_cmake_args=None, catkin_skip_building_tests=False, mixin_files=None, mixin=None, verb_parser=<colcon_mixin.mixin.mixin_argument.MixinArgumentDecorator object at 0xffffb417ec80>, verb_extension=<colcon_core.verb.build.BuildVerb object at 0xffffb4297310>, main=<bound method BuildVerb.main of <colcon_core.verb.build.BuildVerb object at 0xffffb4297310>>, mixin_verb=('build',))
[0.715s] Level 1:colcon.colcon_core.package_discovery:discover_packages(colcon_meta) check parameters
[0.715s] Level 1:colcon.colcon_core.package_discovery:discover_packages(recursive) check parameters
[0.715s] Level 1:colcon.colcon_core.package_discovery:discover_packages(ignore) check parameters
[0.716s] Level 1:colcon.colcon_core.package_discovery:discover_packages(path) check parameters
[0.716s] Level 1:colcon.colcon_core.package_discovery:discover_packages(colcon_meta) discover
[0.716s] Level 1:colcon.colcon_core.package_discovery:discover_packages(recursive) discover
[0.716s] INFO:colcon.colcon_core.package_discovery:Crawling recursively for packages in '/home/tera/ros2_ws2'
[0.716s] Level 1:colcon.colcon_core.package_identification:_identify(.) by extensions ['ignore', 'ignore_ament_install']
[0.716s] Level 1:colcon.colcon_core.package_identification:_identify(.) by extension 'ignore'
[0.716s] Level 1:colcon.colcon_core.package_identification:_identify(.) by extension 'ignore_ament_install'
[0.717s] Level 1:colcon.colcon_core.package_identification:_identify(.) by extensions ['colcon_pkg']
[0.717s] Level 1:colcon.colcon_core.package_identification:_identify(.) by extension 'colcon_pkg'
[0.717s] Level 1:colcon.colcon_core.package_identification:_identify(.) by extensions ['colcon_meta']
[0.717s] Level 1:colcon.colcon_core.package_identification:_identify(.) by extension 'colcon_meta'
[0.717s] Level 1:colcon.colcon_core.package_identification:_identify(.) by extensions ['ros']
[0.717s] Level 1:colcon.colcon_core.package_identification:_identify(.) by extension 'ros'
[0.743s] Level 1:colcon.colcon_core.package_identification:_identify(.) by extensions ['cmake', 'python']
[0.743s] Level 1:colcon.colcon_core.package_identification:_identify(.) by extension 'cmake'
[0.743s] Level 1:colcon.colcon_core.package_identification:_identify(.) by extension 'python'
[0.744s] Level 1:colcon.colcon_core.package_identification:_identify(.) by extensions ['python_setup_py']
[0.744s] Level 1:colcon.colcon_core.package_identification:_identify(.) by extension 'python_setup_py'
[0.744s] Level 1:colcon.colcon_core.package_identification:_identify(build) by extensions ['ignore', 'ignore_ament_install']
[0.744s] Level 1:colcon.colcon_core.package_identification:_identify(build) by extension 'ignore'
[0.744s] Level 1:colcon.colcon_core.package_identification:_identify(build) ignored
[0.745s] Level 1:colcon.colcon_core.package_identification:_identify(install) by extensions ['ignore', 'ignore_ament_install']
[0.745s] Level 1:colcon.colcon_core.package_identification:_identify(install) by extension 'ignore'
[0.745s] Level 1:colcon.colcon_core.package_identification:_identify(install) ignored
[0.745s] Level 1:colcon.colcon_core.package_identification:_identify(log) by extensions ['ignore', 'ignore_ament_install']
[0.745s] Level 1:colcon.colcon_core.package_identification:_identify(log) by extension 'ignore'
[0.745s] Level 1:colcon.colcon_core.package_identification:_identify(log) ignored
[0.746s] Level 1:colcon.colcon_core.package_identification:_identify(src) by extensions ['ignore', 'ignore_ament_install']
[0.746s] Level 1:colcon.colcon_core.package_identification:_identify(src) by extension 'ignore'
[0.746s] Level 1:colcon.colcon_core.package_identification:_identify(src) by extension 'ignore_ament_install'
[0.746s] Level 1:colcon.colcon_core.package_identification:_identify(src) by extensions ['colcon_pkg']
[0.746s] Level 1:colcon.colcon_core.package_identification:_identify(src) by extension 'colcon_pkg'
[0.746s] Level 1:colcon.colcon_core.package_identification:_identify(src) by extensions ['colcon_meta']
[0.746s] Level 1:colcon.colcon_core.package_identification:_identify(src) by extension 'colcon_meta'
[0.746s] Level 1:colcon.colcon_core.package_identification:_identify(src) by extensions ['ros']
[0.746s] Level 1:colcon.colcon_core.package_identification:_identify(src) by extension 'ros'
[0.747s] Level 1:colcon.colcon_core.package_identification:_identify(src) by extensions ['cmake', 'python']
[0.747s] Level 1:colcon.colcon_core.package_identification:_identify(src) by extension 'cmake'
[0.747s] Level 1:colcon.colcon_core.package_identification:_identify(src) by extension 'python'
[0.747s] Level 1:colcon.colcon_core.package_identification:_identify(src) by extensions ['python_setup_py']
[0.747s] Level 1:colcon.colcon_core.package_identification:_identify(src) by extension 'python_setup_py'
[0.747s] Level 1:colcon.colcon_core.package_identification:_identify(src/gps_data) by extensions ['ignore', 'ignore_ament_install']
[0.747s] Level 1:colcon.colcon_core.package_identification:_identify(src/gps_data) by extension 'ignore'
[0.747s] Level 1:colcon.colcon_core.package_identification:_identify(src/gps_data) by extension 'ignore_ament_install'
[0.748s] Level 1:colcon.colcon_core.package_identification:_identify(src/gps_data) by extensions ['colcon_pkg']
[0.748s] Level 1:colcon.colcon_core.package_identification:_identify(src/gps_data) by extension 'colcon_pkg'
[0.748s] Level 1:colcon.colcon_core.package_identification:_identify(src/gps_data) by extensions ['colcon_meta']
[0.748s] Level 1:colcon.colcon_core.package_identification:_identify(src/gps_data) by extension 'colcon_meta'
[0.748s] Level 1:colcon.colcon_core.package_identification:_identify(src/gps_data) by extensions ['ros']
[0.748s] Level 1:colcon.colcon_core.package_identification:_identify(src/gps_data) by extension 'ros'
[0.753s] DEBUG:colcon.colcon_core.package_identification:Package 'src/gps_data' with type 'ros.ament_python' and name 'gps_data'
[0.754s] Level 1:colcon.colcon_core.package_identification:_identify(src/teleop) by extensions ['ignore', 'ignore_ament_install']
[0.754s] Level 1:colcon.colcon_core.package_identification:_identify(src/teleop) by extension 'ignore'
[0.754s] Level 1:colcon.colcon_core.package_identification:_identify(src/teleop) by extension 'ignore_ament_install'
[0.754s] Level 1:colcon.colcon_core.package_identification:_identify(src/teleop) by extensions ['colcon_pkg']
[0.754s] Level 1:colcon.colcon_core.package_identification:_identify(src/teleop) by extension 'colcon_pkg'
[0.754s] Level 1:colcon.colcon_core.package_identification:_identify(src/teleop) by extensions ['colcon_meta']
[0.754s] Level 1:colcon.colcon_core.package_identification:_identify(src/teleop) by extension 'colcon_meta'
[0.755s] Level 1:colcon.colcon_core.package_identification:_identify(src/teleop) by extensions ['ros']
[0.755s] Level 1:colcon.colcon_core.package_identification:_identify(src/teleop) by extension 'ros'
[0.756s] DEBUG:colcon.colcon_core.package_identification:Package 'src/teleop' with type 'ros.ament_python' and name 'teleop'
[0.756s] Level 1:colcon.colcon_core.package_discovery:discover_packages(recursive) using defaults
[0.756s] Level 1:colcon.colcon_core.package_discovery:discover_packages(ignore) discover
[0.756s] Level 1:colcon.colcon_core.package_discovery:discover_packages(ignore) using defaults
[0.756s] Level 1:colcon.colcon_core.package_discovery:discover_packages(path) discover
[0.756s] Level 1:colcon.colcon_core.package_discovery:discover_packages(path) using defaults
[0.829s] Level 1:colcon.colcon_core.package_discovery:discover_packages(prefix_path) check parameters
[0.829s] Level 1:colcon.colcon_core.package_discovery:discover_packages(prefix_path) discover
[0.834s] DEBUG:colcon.colcon_installed_package_information.package_discovery:Found 2 installed packages in /home/tera/ros2_ws2/install
[0.837s] DEBUG:colcon.colcon_installed_package_information.package_discovery:Found 307 installed packages in /opt/ros/humble
[0.839s] Level 1:colcon.colcon_core.package_discovery:discover_packages(prefix_path) using defaults
[0.921s] Level 5:colcon.colcon_core.verb:set package 'gps_data' build argument 'cmake_args' from command line to 'None'
[0.922s] Level 5:colcon.colcon_core.verb:set package 'gps_data' build argument 'cmake_target' from command line to 'None'
[0.922s] Level 5:colcon.colcon_core.verb:set package 'gps_data' build argument 'cmake_target_skip_unavailable' from command line to 'False'
[0.922s] Level 5:colcon.colcon_core.verb:set package 'gps_data' build argument 'cmake_clean_cache' from command line to 'False'
[0.922s] Level 5:colcon.colcon_core.verb:set package 'gps_data' build argument 'cmake_clean_first' from command line to 'False'
[0.922s] Level 5:colcon.colcon_core.verb:set package 'gps_data' build argument 'cmake_force_configure' from command line to 'False'
[0.922s] Level 5:colcon.colcon_core.verb:set package 'gps_data' build argument 'ament_cmake_args' from command line to 'None'
[0.922s] Level 5:colcon.colcon_core.verb:set package 'gps_data' build argument 'catkin_cmake_args' from command line to 'None'
[0.922s] Level 5:colcon.colcon_core.verb:set package 'gps_data' build argument 'catkin_skip_building_tests' from command line to 'False'
[0.922s] DEBUG:colcon.colcon_core.verb:Building package 'gps_data' with the following arguments: {'ament_cmake_args': None, 'build_base': '/home/tera/ros2_ws2/build/gps_data', 'catkin_cmake_args': None, 'catkin_skip_building_tests': False, 'cmake_args': None, 'cmake_clean_cache': False, 'cmake_clean_first': False, 'cmake_force_configure': False, 'cmake_target': None, 'cmake_target_skip_unavailable': False, 'install_base': '/home/tera/ros2_ws2/install/gps_data', 'merge_install': False, 'path': '/home/tera/ros2_ws2/src/gps_data', 'symlink_install': True, 'test_result_base': None}
[0.923s] Level 5:colcon.colcon_core.verb:set package 'teleop' build argument 'cmake_args' from command line to 'None'
[0.923s] Level 5:colcon.colcon_core.verb:set package 'teleop' build argument 'cmake_target' from command line to 'None'
[0.923s] Level 5:colcon.colcon_core.verb:set package 'teleop' build argument 'cmake_target_skip_unavailable' from command line to 'False'
[0.923s] Level 5:colcon.colcon_core.verb:set package 'teleop' build argument 'cmake_clean_cache' from command line to 'False'
[0.923s] Level 5:colcon.colcon_core.verb:set package 'teleop' build argument 'cmake_clean_first' from command line to 'False'
[0.923s] Level 5:colcon.colcon_core.verb:set package 'teleop' build argument 'cmake_force_configure' from command line to 'False'
[0.923s] Level 5:colcon.colcon_core.verb:set package 'teleop' build argument 'ament_cmake_args' from command line to 'None'
[0.923s] Level 5:colcon.colcon_core.verb:set package 'teleop' build argument 'catkin_cmake_args' from command line to 'None'
[0.923s] Level 5:colcon.colcon_core.verb:set package 'teleop' build argument 'catkin_skip_building_tests' from command line to 'False'
[0.923s] DEBUG:colcon.colcon_core.verb:Building package 'teleop' with the following arguments: {'ament_cmake_args': None, 'build_base': '/home/tera/ros2_ws2/build/teleop', 'catkin_cmake_args': None, 'catkin_skip_building_tests': False, 'cmake_args': None, 'cmake_clean_cache': False, 'cmake_clean_first': False, 'cmake_force_configure': False, 'cmake_target': None, 'cmake_target_skip_unavailable': False, 'install_base': '/home/tera/ros2_ws2/install/teleop', 'merge_install': False, 'path': '/home/tera/ros2_ws2/src/teleop', 'symlink_install': True, 'test_result_base': None}
[0.923s] INFO:colcon.colcon_core.executor:Executing jobs using 'parallel' executor
[0.926s] DEBUG:colcon.colcon_parallel_executor.executor.parallel:run_until_complete
[0.926s] INFO:colcon.colcon_ros.task.ament_python.build:Building ROS package in '/home/tera/ros2_ws2/src/gps_data' with build type 'ament_python'
[0.927s] Level 1:colcon.colcon_core.shell:create_environment_hook('gps_data', 'ament_prefix_path')
[0.933s] INFO:colcon.colcon_core.plugin_system:Skipping extension 'colcon_core.shell.bat': Not used on non-Windows systems
[0.934s] INFO:colcon.colcon_core.shell:Creating environment hook '/home/tera/ros2_ws2/install/gps_data/share/gps_data/hook/ament_prefix_path.ps1'
[0.935s] INFO:colcon.colcon_core.shell:Creating environment descriptor '/home/tera/ros2_ws2/install/gps_data/share/gps_data/hook/ament_prefix_path.dsv'
[0.936s] INFO:colcon.colcon_core.shell:Creating environment hook '/home/tera/ros2_ws2/install/gps_data/share/gps_data/hook/ament_prefix_path.sh'
[0.938s] INFO:colcon.colcon_core.shell:Skip shell extension 'powershell' for command environment: Not usable outside of PowerShell
[0.938s] DEBUG:colcon.colcon_core.shell:Skip shell extension 'dsv' for command environment
[0.946s] INFO:colcon.colcon_ros.task.ament_python.build:Building ROS package in '/home/tera/ros2_ws2/src/teleop' with build type 'ament_python'
[0.947s] Level 1:colcon.colcon_core.shell:create_environment_hook('teleop', 'ament_prefix_path')
[0.947s] INFO:colcon.colcon_core.shell:Creating environment hook '/home/tera/ros2_ws2/install/teleop/share/teleop/hook/ament_prefix_path.ps1'
[0.949s] INFO:colcon.colcon_core.shell:Creating environment descriptor '/home/tera/ros2_ws2/install/teleop/share/teleop/hook/ament_prefix_path.dsv'
[0.950s] INFO:colcon.colcon_core.shell:Creating environment hook '/home/tera/ros2_ws2/install/teleop/share/teleop/hook/ament_prefix_path.sh'
[0.951s] INFO:colcon.colcon_core.shell:Skip shell extension 'powershell' for command environment: Not usable outside of PowerShell
[0.951s] DEBUG:colcon.colcon_core.shell:Skip shell extension 'dsv' for command environment
[1.552s] INFO:colcon.colcon_core.task.python.build:Building Python package in '/home/tera/ros2_ws2/src/gps_data'
[1.553s] INFO:colcon.colcon_core.shell:Skip shell extension 'powershell' for command environment: Not usable outside of PowerShell
[1.553s] DEBUG:colcon.colcon_core.shell:Skip shell extension 'dsv' for command environment
[2.158s] INFO:colcon.colcon_core.task.python.build:Building Python package in '/home/tera/ros2_ws2/src/teleop'
[2.159s] INFO:colcon.colcon_core.shell:Skip shell extension 'powershell' for command environment: Not usable outside of PowerShell
[2.159s] DEBUG:colcon.colcon_core.shell:Skip shell extension 'dsv' for command environment
[3.045s] DEBUG:colcon.colcon_core.event_handler.log_command:Invoking command in '/home/tera/ros2_ws2/build/gps_data': PYTHONPATH=/home/tera/ros2_ws2/build/gps_data/prefix_override:/home/tera/ros2_ws2/install/gps_data/lib/python3.10/site-packages:${PYTHONPATH} /usr/bin/python3 -W ignore:setup.py install is deprecated setup.py develop --editable --build-directory /home/tera/ros2_ws2/build/gps_data/build --no-deps symlink_data
[3.056s] DEBUG:colcon.colcon_core.event_handler.log_command:Invoking command in '/home/tera/ros2_ws2/build/teleop': PYTHONPATH=/home/tera/ros2_ws2/build/teleop/prefix_override:/home/tera/ros2_ws2/install/teleop/lib/python3.10/site-packages:${PYTHONPATH} /usr/bin/python3 -W ignore:setup.py install is deprecated setup.py develop --editable --build-directory /home/tera/ros2_ws2/build/teleop/build --no-deps symlink_data
[4.144s] Level 1:colcon.colcon_core.shell:create_environment_hook('teleop', 'pythonpath_develop')
[4.145s] INFO:colcon.colcon_core.shell:Creating environment hook '/home/tera/ros2_ws2/build/teleop/share/teleop/hook/pythonpath_develop.ps1'
[4.146s] DEBUG:colcon.colcon_core.event_handler.log_command:Invoked command in '/home/tera/ros2_ws2/build/teleop' returned '0': PYTHONPATH=/home/tera/ros2_ws2/build/teleop/prefix_override:/home/tera/ros2_ws2/install/teleop/lib/python3.10/site-packages:${PYTHONPATH} /usr/bin/python3 -W ignore:setup.py install is deprecated setup.py develop --editable --build-directory /home/tera/ros2_ws2/build/teleop/build --no-deps symlink_data
[4.147s] INFO:colcon.colcon_core.shell:Creating environment descriptor '/home/tera/ros2_ws2/build/teleop/share/teleop/hook/pythonpath_develop.dsv'
[4.148s] INFO:colcon.colcon_core.shell:Creating environment hook '/home/tera/ros2_ws2/build/teleop/share/teleop/hook/pythonpath_develop.sh'
[4.162s] Level 1:colcon.colcon_core.environment:checking '/home/tera/ros2_ws2/install/teleop' for CMake module files
[4.164s] Level 1:colcon.colcon_core.environment:checking '/home/tera/ros2_ws2/install/teleop' for CMake config files
[4.166s] Level 1:colcon.colcon_core.environment:checking '/home/tera/ros2_ws2/install/teleop/lib'
[4.166s] Level 1:colcon.colcon_core.environment:checking '/home/tera/ros2_ws2/install/teleop/bin'
[4.166s] Level 1:colcon.colcon_core.environment:checking '/home/tera/ros2_ws2/install/teleop/lib/pkgconfig/teleop.pc'
[4.167s] Level 1:colcon.colcon_core.environment:checking '/home/tera/ros2_ws2/install/teleop/lib/python3.10/site-packages'
[4.168s] Level 1:colcon.colcon_core.shell:create_environment_hook('teleop', 'pythonpath')
[4.168s] INFO:colcon.colcon_core.shell:Creating environment hook '/home/tera/ros2_ws2/install/teleop/share/teleop/hook/pythonpath.ps1'
[4.170s] INFO:colcon.colcon_core.shell:Creating environment descriptor '/home/tera/ros2_ws2/install/teleop/share/teleop/hook/pythonpath.dsv'
[4.171s] INFO:colcon.colcon_core.shell:Creating environment hook '/home/tera/ros2_ws2/install/teleop/share/teleop/hook/pythonpath.sh'
[4.173s] Level 1:colcon.colcon_core.environment:checking '/home/tera/ros2_ws2/install/teleop/bin'
[4.173s] Level 1:colcon.colcon_core.environment:create_environment_scripts_only(teleop)
[4.175s] INFO:colcon.colcon_core.shell:Creating package script '/home/tera/ros2_ws2/install/teleop/share/teleop/package.ps1'
[4.177s] INFO:colcon.colcon_core.shell:Creating package descriptor '/home/tera/ros2_ws2/install/teleop/share/teleop/package.dsv'
[4.179s] INFO:colcon.colcon_core.shell:Creating package script '/home/tera/ros2_ws2/install/teleop/share/teleop/package.sh'
[4.181s] INFO:colcon.colcon_core.shell:Creating package script '/home/tera/ros2_ws2/install/teleop/share/teleop/package.bash'
[4.184s] INFO:colcon.colcon_core.shell:Creating package script '/home/tera/ros2_ws2/install/teleop/share/teleop/package.zsh'
[4.186s] Level 1:colcon.colcon_core.environment:create_file_with_runtime_dependencies(/home/tera/ros2_ws2/install/teleop/share/colcon-core/packages/teleop)
[4.189s] Level 1:colcon.colcon_core.shell:create_environment_hook('gps_data', 'pythonpath_develop')
[4.190s] INFO:colcon.colcon_core.shell:Creating environment hook '/home/tera/ros2_ws2/build/gps_data/share/gps_data/hook/pythonpath_develop.ps1'
[4.193s] DEBUG:colcon.colcon_core.event_handler.log_command:Invoked command in '/home/tera/ros2_ws2/build/gps_data' returned '0': PYTHONPATH=/home/tera/ros2_ws2/build/gps_data/prefix_override:/home/tera/ros2_ws2/install/gps_data/lib/python3.10/site-packages:${PYTHONPATH} /usr/bin/python3 -W ignore:setup.py install is deprecated setup.py develop --editable --build-directory /home/tera/ros2_ws2/build/gps_data/build --no-deps symlink_data
[4.193s] INFO:colcon.colcon_core.shell:Creating environment descriptor '/home/tera/ros2_ws2/build/gps_data/share/gps_data/hook/pythonpath_develop.dsv'
[4.194s] INFO:colcon.colcon_core.shell:Creating environment hook '/home/tera/ros2_ws2/build/gps_data/share/gps_data/hook/pythonpath_develop.sh'
[4.195s] Level 1:colcon.colcon_core.environment:checking '/home/tera/ros2_ws2/install/gps_data' for CMake module files
[4.195s] Level 1:colcon.colcon_core.environment:checking '/home/tera/ros2_ws2/install/gps_data' for CMake config files
[4.196s] Level 1:colcon.colcon_core.environment:checking '/home/tera/ros2_ws2/install/gps_data/lib'
[4.197s] Level 1:colcon.colcon_core.environment:checking '/home/tera/ros2_ws2/install/gps_data/bin'
[4.197s] Level 1:colcon.colcon_core.environment:checking '/home/tera/ros2_ws2/install/gps_data/lib/pkgconfig/gps_data.pc'
[4.198s] Level 1:colcon.colcon_core.environment:checking '/home/tera/ros2_ws2/install/gps_data/lib/python3.10/site-packages'
[4.198s] Level 1:colcon.colcon_core.shell:create_environment_hook('gps_data', 'pythonpath')
[4.199s] INFO:colcon.colcon_core.shell:Creating environment hook '/home/tera/ros2_ws2/install/gps_data/share/gps_data/hook/pythonpath.ps1'
[4.200s] INFO:colcon.colcon_core.shell:Creating environment descriptor '/home/tera/ros2_ws2/install/gps_data/share/gps_data/hook/pythonpath.dsv'
[4.201s] INFO:colcon.colcon_core.shell:Creating environment hook '/home/tera/ros2_ws2/install/gps_data/share/gps_data/hook/pythonpath.sh'
[4.203s] Level 1:colcon.colcon_core.environment:checking '/home/tera/ros2_ws2/install/gps_data/bin'
[4.203s] Level 1:colcon.colcon_core.environment:create_environment_scripts_only(gps_data)
[4.204s] INFO:colcon.colcon_core.shell:Creating package script '/home/tera/ros2_ws2/install/gps_data/share/gps_data/package.ps1'
[4.206s] INFO:colcon.colcon_core.shell:Creating package descriptor '/home/tera/ros2_ws2/install/gps_data/share/gps_data/package.dsv'
[4.207s] INFO:colcon.colcon_core.shell:Creating package script '/home/tera/ros2_ws2/install/gps_data/share/gps_data/package.sh'
[4.208s] INFO:colcon.colcon_core.shell:Creating package script '/home/tera/ros2_ws2/install/gps_data/share/gps_data/package.bash'
[4.209s] INFO:colcon.colcon_core.shell:Creating package script '/home/tera/ros2_ws2/install/gps_data/share/gps_data/package.zsh'
[4.210s] Level 1:colcon.colcon_core.environment:create_file_with_runtime_dependencies(/home/tera/ros2_ws2/install/gps_data/share/colcon-core/packages/gps_data)
[4.210s] DEBUG:colcon.colcon_parallel_executor.executor.parallel:closing loop
[4.211s] DEBUG:colcon.colcon_parallel_executor.executor.parallel:loop closed
[4.212s] DEBUG:colcon.colcon_parallel_executor.executor.parallel:run_until_complete finished with '0'
[4.212s] DEBUG:colcon.colcon_core.event_reactor:joining thread
[4.228s] INFO:colcon.colcon_core.plugin_system:Skipping extension 'colcon_notification.desktop_notification.terminal_notifier': Not used on non-Darwin systems
[4.228s] INFO:colcon.colcon_core.plugin_system:Skipping extension 'colcon_notification.desktop_notification.win32': Not used on non-Windows systems
[4.228s] INFO:colcon.colcon_notification.desktop_notification:Sending desktop notification using 'notify2'
[4.277s] DEBUG:colcon.colcon_core.event_reactor:joined thread
[4.278s] INFO:colcon.colcon_core.shell:Creating prefix script '/home/tera/ros2_ws2/install/local_setup.ps1'
[4.280s] INFO:colcon.colcon_core.shell:Creating prefix util module '/home/tera/ros2_ws2/install/_local_setup_util_ps1.py'
[4.285s] INFO:colcon.colcon_core.shell:Creating prefix chain script '/home/tera/ros2_ws2/install/setup.ps1'
[4.288s] INFO:colcon.colcon_core.shell:Creating prefix script '/home/tera/ros2_ws2/install/local_setup.sh'
[4.290s] INFO:colcon.colcon_core.shell:Creating prefix util module '/home/tera/ros2_ws2/install/_local_setup_util_sh.py'
[4.291s] INFO:colcon.colcon_core.shell:Creating prefix chain script '/home/tera/ros2_ws2/install/setup.sh'
[4.293s] INFO:colcon.colcon_core.shell:Creating prefix script '/home/tera/ros2_ws2/install/local_setup.bash'
[4.295s] INFO:colcon.colcon_core.shell:Creating prefix chain script '/home/tera/ros2_ws2/install/setup.bash'
[4.298s] INFO:colcon.colcon_core.shell:Creating prefix script '/home/tera/ros2_ws2/install/local_setup.zsh'
[4.300s] INFO:colcon.colcon_core.shell:Creating prefix chain script '/home/tera/ros2_ws2/install/setup.zsh'
