/home/tera/ros2_ws2/install/gps_data/lib/python3.10/site-packages/gps_data/gps_live_map.py
/home/tera/ros2_ws2/install/gps_data/lib/python3.10/site-packages/gps_data/MasterStanley.py
/home/tera/ros2_ws2/install/gps_data/lib/python3.10/site-packages/gps_data/TERA_gps.py
/home/tera/ros2_ws2/install/gps_data/lib/python3.10/site-packages/gps_data/GPS_Subscriber.py
/home/tera/ros2_ws2/install/gps_data/lib/python3.10/site-packages/gps_data/find_ports.py
/home/tera/ros2_ws2/install/gps_data/lib/python3.10/site-packages/gps_data/stanleycontroller.py
/home/tera/ros2_ws2/install/gps_data/lib/python3.10/site-packages/gps_data/__init__.py
/home/tera/ros2_ws2/install/gps_data/lib/python3.10/site-packages/gps_data/gps.py
/home/tera/ros2_ws2/install/gps_data/lib/python3.10/site-packages/gps_data/stanley_teleop.py
/home/tera/ros2_ws2/install/gps_data/lib/python3.10/site-packages/gps_data/__pycache__/gps_live_map.cpython-310.pyc
/home/tera/ros2_ws2/install/gps_data/lib/python3.10/site-packages/gps_data/__pycache__/MasterStanley.cpython-310.pyc
/home/tera/ros2_ws2/install/gps_data/lib/python3.10/site-packages/gps_data/__pycache__/TERA_gps.cpython-310.pyc
/home/tera/ros2_ws2/install/gps_data/lib/python3.10/site-packages/gps_data/__pycache__/GPS_Subscriber.cpython-310.pyc
/home/tera/ros2_ws2/install/gps_data/lib/python3.10/site-packages/gps_data/__pycache__/find_ports.cpython-310.pyc
/home/tera/ros2_ws2/install/gps_data/lib/python3.10/site-packages/gps_data/__pycache__/stanleycontroller.cpython-310.pyc
/home/tera/ros2_ws2/install/gps_data/lib/python3.10/site-packages/gps_data/__pycache__/__init__.cpython-310.pyc
/home/tera/ros2_ws2/install/gps_data/lib/python3.10/site-packages/gps_data/__pycache__/gps.cpython-310.pyc
/home/tera/ros2_ws2/install/gps_data/lib/python3.10/site-packages/gps_data/__pycache__/stanley_teleop.cpython-310.pyc
/home/tera/ros2_ws2/install/gps_data/share/ament_index/resource_index/packages/gps_data
/home/tera/ros2_ws2/install/gps_data/share/gps_data/package.xml
/home/tera/ros2_ws2/install/gps_data/lib/python3.10/site-packages/gps_data-0.0.0-py3.10.egg-info/PKG-INFO
/home/tera/ros2_ws2/install/gps_data/lib/python3.10/site-packages/gps_data-0.0.0-py3.10.egg-info/SOURCES.txt
/home/tera/ros2_ws2/install/gps_data/lib/python3.10/site-packages/gps_data-0.0.0-py3.10.egg-info/dependency_links.txt
/home/tera/ros2_ws2/install/gps_data/lib/python3.10/site-packages/gps_data-0.0.0-py3.10.egg-info/top_level.txt
/home/tera/ros2_ws2/install/gps_data/lib/python3.10/site-packages/gps_data-0.0.0-py3.10.egg-info/entry_points.txt
/home/tera/ros2_ws2/install/gps_data/lib/python3.10/site-packages/gps_data-0.0.0-py3.10.egg-info/requires.txt
/home/tera/ros2_ws2/install/gps_data/lib/python3.10/site-packages/gps_data-0.0.0-py3.10.egg-info/zip-safe
