[0.253s] DEBUG:colcon:Command line arguments: ['/usr/bin/colcon', 'build', '--symlink-install']
[0.253s] DEBUG:colcon:Parsed command line arguments: Namespace(log_base=None, log_level=None, verb_name='build', build_base='build', install_base='install', merge_install=False, symlink_install=True, test_result_base=None, continue_on_error=False, executor='parallel', parallel_workers=6, event_handlers=None, ignore_user_meta=False, metas=['./colcon.meta'], base_paths=['.'], packages_ignore=None, packages_ignore_regex=None, paths=None, packages_up_to=None, packages_up_to_regex=None, packages_above=None, packages_above_and_dependencies=None, packages_above_depth=None, packages_select_by_dep=None, packages_skip_by_dep=None, packages_skip_up_to=None, packages_select_build_failed=False, packages_skip_build_finished=False, packages_select_test_failures=False, packages_skip_test_passed=False, packages_select=None, packages_skip=None, packages_select_regex=None, packages_skip_regex=None, packages_start=None, packages_end=None, allow_overriding=[], cmake_args=None, cmake_target=None, cmake_target_skip_unavailable=False, cmake_clean_cache=False, cmake_clean_first=False, cmake_force_configure=False, ament_cmake_args=None, catkin_cmake_args=None, catkin_skip_building_tests=False, mixin_files=None, mixin=None, verb_parser=<colcon_mixin.mixin.mixin_argument.MixinArgumentDecorator object at 0xffffbafc31f0>, verb_extension=<colcon_core.verb.build.BuildVerb object at 0xffffbb0d7880>, main=<bound method BuildVerb.main of <colcon_core.verb.build.BuildVerb object at 0xffffbb0d7880>>, mixin_verb=('build',))
[0.632s] Level 1:colcon.colcon_core.package_discovery:discover_packages(colcon_meta) check parameters
[0.632s] Level 1:colcon.colcon_core.package_discovery:discover_packages(recursive) check parameters
[0.632s] Level 1:colcon.colcon_core.package_discovery:discover_packages(ignore) check parameters
[0.632s] Level 1:colcon.colcon_core.package_discovery:discover_packages(path) check parameters
[0.632s] Level 1:colcon.colcon_core.package_discovery:discover_packages(colcon_meta) discover
[0.632s] Level 1:colcon.colcon_core.package_discovery:discover_packages(recursive) discover
[0.633s] INFO:colcon.colcon_core.package_discovery:Crawling recursively for packages in '/home/tera/ros2_ws2'
[0.633s] Level 1:colcon.colcon_core.package_identification:_identify(.) by extensions ['ignore', 'ignore_ament_install']
[0.633s] Level 1:colcon.colcon_core.package_identification:_identify(.) by extension 'ignore'
[0.633s] Level 1:colcon.colcon_core.package_identification:_identify(.) by extension 'ignore_ament_install'
[0.633s] Level 1:colcon.colcon_core.package_identification:_identify(.) by extensions ['colcon_pkg']
[0.633s] Level 1:colcon.colcon_core.package_identification:_identify(.) by extension 'colcon_pkg'
[0.633s] Level 1:colcon.colcon_core.package_identification:_identify(.) by extensions ['colcon_meta']
[0.634s] Level 1:colcon.colcon_core.package_identification:_identify(.) by extension 'colcon_meta'
[0.634s] Level 1:colcon.colcon_core.package_identification:_identify(.) by extensions ['ros']
[0.634s] Level 1:colcon.colcon_core.package_identification:_identify(.) by extension 'ros'
[0.656s] Level 1:colcon.colcon_core.package_identification:_identify(.) by extensions ['cmake', 'python']
[0.656s] Level 1:colcon.colcon_core.package_identification:_identify(.) by extension 'cmake'
[0.656s] Level 1:colcon.colcon_core.package_identification:_identify(.) by extension 'python'
[0.657s] Level 1:colcon.colcon_core.package_identification:_identify(.) by extensions ['python_setup_py']
[0.657s] Level 1:colcon.colcon_core.package_identification:_identify(.) by extension 'python_setup_py'
[0.657s] Level 1:colcon.colcon_core.package_identification:_identify(build) by extensions ['ignore', 'ignore_ament_install']
[0.657s] Level 1:colcon.colcon_core.package_identification:_identify(build) by extension 'ignore'
[0.657s] Level 1:colcon.colcon_core.package_identification:_identify(build) ignored
[0.657s] Level 1:colcon.colcon_core.package_identification:_identify(install) by extensions ['ignore', 'ignore_ament_install']
[0.658s] Level 1:colcon.colcon_core.package_identification:_identify(install) by extension 'ignore'
[0.658s] Level 1:colcon.colcon_core.package_identification:_identify(install) ignored
[0.658s] Level 1:colcon.colcon_core.package_identification:_identify(log) by extensions ['ignore', 'ignore_ament_install']
[0.658s] Level 1:colcon.colcon_core.package_identification:_identify(log) by extension 'ignore'
[0.658s] Level 1:colcon.colcon_core.package_identification:_identify(log) ignored
[0.658s] Level 1:colcon.colcon_core.package_identification:_identify(src) by extensions ['ignore', 'ignore_ament_install']
[0.659s] Level 1:colcon.colcon_core.package_identification:_identify(src) by extension 'ignore'
[0.659s] Level 1:colcon.colcon_core.package_identification:_identify(src) by extension 'ignore_ament_install'
[0.659s] Level 1:colcon.colcon_core.package_identification:_identify(src) by extensions ['colcon_pkg']
[0.659s] Level 1:colcon.colcon_core.package_identification:_identify(src) by extension 'colcon_pkg'
[0.659s] Level 1:colcon.colcon_core.package_identification:_identify(src) by extensions ['colcon_meta']
[0.659s] Level 1:colcon.colcon_core.package_identification:_identify(src) by extension 'colcon_meta'
[0.659s] Level 1:colcon.colcon_core.package_identification:_identify(src) by extensions ['ros']
[0.659s] Level 1:colcon.colcon_core.package_identification:_identify(src) by extension 'ros'
[0.659s] Level 1:colcon.colcon_core.package_identification:_identify(src) by extensions ['cmake', 'python']
[0.660s] Level 1:colcon.colcon_core.package_identification:_identify(src) by extension 'cmake'
[0.660s] Level 1:colcon.colcon_core.package_identification:_identify(src) by extension 'python'
[0.660s] Level 1:colcon.colcon_core.package_identification:_identify(src) by extensions ['python_setup_py']
[0.660s] Level 1:colcon.colcon_core.package_identification:_identify(src) by extension 'python_setup_py'
[0.660s] Level 1:colcon.colcon_core.package_identification:_identify(src/gps_data) by extensions ['ignore', 'ignore_ament_install']
[0.660s] Level 1:colcon.colcon_core.package_identification:_identify(src/gps_data) by extension 'ignore'
[0.660s] Level 1:colcon.colcon_core.package_identification:_identify(src/gps_data) by extension 'ignore_ament_install'
[0.660s] Level 1:colcon.colcon_core.package_identification:_identify(src/gps_data) by extensions ['colcon_pkg']
[0.660s] Level 1:colcon.colcon_core.package_identification:_identify(src/gps_data) by extension 'colcon_pkg'
[0.661s] Level 1:colcon.colcon_core.package_identification:_identify(src/gps_data) by extensions ['colcon_meta']
[0.661s] Level 1:colcon.colcon_core.package_identification:_identify(src/gps_data) by extension 'colcon_meta'
[0.661s] Level 1:colcon.colcon_core.package_identification:_identify(src/gps_data) by extensions ['ros']
[0.661s] Level 1:colcon.colcon_core.package_identification:_identify(src/gps_data) by extension 'ros'
[0.666s] DEBUG:colcon.colcon_core.package_identification:Package 'src/gps_data' with type 'ros.ament_python' and name 'gps_data'
[0.666s] Level 1:colcon.colcon_core.package_identification:_identify(src/teleop) by extensions ['ignore', 'ignore_ament_install']
[0.666s] Level 1:colcon.colcon_core.package_identification:_identify(src/teleop) by extension 'ignore'
[0.667s] Level 1:colcon.colcon_core.package_identification:_identify(src/teleop) by extension 'ignore_ament_install'
[0.667s] Level 1:colcon.colcon_core.package_identification:_identify(src/teleop) by extensions ['colcon_pkg']
[0.667s] Level 1:colcon.colcon_core.package_identification:_identify(src/teleop) by extension 'colcon_pkg'
[0.667s] Level 1:colcon.colcon_core.package_identification:_identify(src/teleop) by extensions ['colcon_meta']
[0.667s] Level 1:colcon.colcon_core.package_identification:_identify(src/teleop) by extension 'colcon_meta'
[0.667s] Level 1:colcon.colcon_core.package_identification:_identify(src/teleop) by extensions ['ros']
[0.667s] Level 1:colcon.colcon_core.package_identification:_identify(src/teleop) by extension 'ros'
[0.668s] DEBUG:colcon.colcon_core.package_identification:Package 'src/teleop' with type 'ros.ament_python' and name 'teleop'
[0.669s] Level 1:colcon.colcon_core.package_discovery:discover_packages(recursive) using defaults
[0.669s] Level 1:colcon.colcon_core.package_discovery:discover_packages(ignore) discover
[0.669s] Level 1:colcon.colcon_core.package_discovery:discover_packages(ignore) using defaults
[0.669s] Level 1:colcon.colcon_core.package_discovery:discover_packages(path) discover
[0.669s] Level 1:colcon.colcon_core.package_discovery:discover_packages(path) using defaults
[0.742s] Level 1:colcon.colcon_core.package_discovery:discover_packages(prefix_path) check parameters
[0.742s] Level 1:colcon.colcon_core.package_discovery:discover_packages(prefix_path) discover
[0.746s] DEBUG:colcon.colcon_installed_package_information.package_discovery:Found 2 installed packages in /home/tera/ros2_ws2/install
[0.749s] DEBUG:colcon.colcon_installed_package_information.package_discovery:Found 307 installed packages in /opt/ros/humble
[0.752s] Level 1:colcon.colcon_core.package_discovery:discover_packages(prefix_path) using defaults
[0.834s] Level 5:colcon.colcon_core.verb:set package 'gps_data' build argument 'cmake_args' from command line to 'None'
[0.834s] Level 5:colcon.colcon_core.verb:set package 'gps_data' build argument 'cmake_target' from command line to 'None'
[0.834s] Level 5:colcon.colcon_core.verb:set package 'gps_data' build argument 'cmake_target_skip_unavailable' from command line to 'False'
[0.834s] Level 5:colcon.colcon_core.verb:set package 'gps_data' build argument 'cmake_clean_cache' from command line to 'False'
[0.834s] Level 5:colcon.colcon_core.verb:set package 'gps_data' build argument 'cmake_clean_first' from command line to 'False'
[0.834s] Level 5:colcon.colcon_core.verb:set package 'gps_data' build argument 'cmake_force_configure' from command line to 'False'
[0.834s] Level 5:colcon.colcon_core.verb:set package 'gps_data' build argument 'ament_cmake_args' from command line to 'None'
[0.834s] Level 5:colcon.colcon_core.verb:set package 'gps_data' build argument 'catkin_cmake_args' from command line to 'None'
[0.834s] Level 5:colcon.colcon_core.verb:set package 'gps_data' build argument 'catkin_skip_building_tests' from command line to 'False'
[0.834s] DEBUG:colcon.colcon_core.verb:Building package 'gps_data' with the following arguments: {'ament_cmake_args': None, 'build_base': '/home/tera/ros2_ws2/build/gps_data', 'catkin_cmake_args': None, 'catkin_skip_building_tests': False, 'cmake_args': None, 'cmake_clean_cache': False, 'cmake_clean_first': False, 'cmake_force_configure': False, 'cmake_target': None, 'cmake_target_skip_unavailable': False, 'install_base': '/home/tera/ros2_ws2/install/gps_data', 'merge_install': False, 'path': '/home/tera/ros2_ws2/src/gps_data', 'symlink_install': True, 'test_result_base': None}
[0.835s] Level 5:colcon.colcon_core.verb:set package 'teleop' build argument 'cmake_args' from command line to 'None'
[0.835s] Level 5:colcon.colcon_core.verb:set package 'teleop' build argument 'cmake_target' from command line to 'None'
[0.835s] Level 5:colcon.colcon_core.verb:set package 'teleop' build argument 'cmake_target_skip_unavailable' from command line to 'False'
[0.835s] Level 5:colcon.colcon_core.verb:set package 'teleop' build argument 'cmake_clean_cache' from command line to 'False'
[0.835s] Level 5:colcon.colcon_core.verb:set package 'teleop' build argument 'cmake_clean_first' from command line to 'False'
[0.835s] Level 5:colcon.colcon_core.verb:set package 'teleop' build argument 'cmake_force_configure' from command line to 'False'
[0.835s] Level 5:colcon.colcon_core.verb:set package 'teleop' build argument 'ament_cmake_args' from command line to 'None'
[0.835s] Level 5:colcon.colcon_core.verb:set package 'teleop' build argument 'catkin_cmake_args' from command line to 'None'
[0.835s] Level 5:colcon.colcon_core.verb:set package 'teleop' build argument 'catkin_skip_building_tests' from command line to 'False'
[0.836s] DEBUG:colcon.colcon_core.verb:Building package 'teleop' with the following arguments: {'ament_cmake_args': None, 'build_base': '/home/tera/ros2_ws2/build/teleop', 'catkin_cmake_args': None, 'catkin_skip_building_tests': False, 'cmake_args': None, 'cmake_clean_cache': False, 'cmake_clean_first': False, 'cmake_force_configure': False, 'cmake_target': None, 'cmake_target_skip_unavailable': False, 'install_base': '/home/tera/ros2_ws2/install/teleop', 'merge_install': False, 'path': '/home/tera/ros2_ws2/src/teleop', 'symlink_install': True, 'test_result_base': None}
[0.836s] INFO:colcon.colcon_core.executor:Executing jobs using 'parallel' executor
[0.838s] DEBUG:colcon.colcon_parallel_executor.executor.parallel:run_until_complete
[0.839s] INFO:colcon.colcon_ros.task.ament_python.build:Building ROS package in '/home/tera/ros2_ws2/src/gps_data' with build type 'ament_python'
[0.839s] Level 1:colcon.colcon_core.shell:create_environment_hook('gps_data', 'ament_prefix_path')
[0.844s] INFO:colcon.colcon_core.plugin_system:Skipping extension 'colcon_core.shell.bat': Not used on non-Windows systems
[0.844s] INFO:colcon.colcon_core.shell:Creating environment hook '/home/tera/ros2_ws2/install/gps_data/share/gps_data/hook/ament_prefix_path.ps1'
[0.846s] INFO:colcon.colcon_core.shell:Creating environment descriptor '/home/tera/ros2_ws2/install/gps_data/share/gps_data/hook/ament_prefix_path.dsv'
[0.847s] INFO:colcon.colcon_core.shell:Creating environment hook '/home/tera/ros2_ws2/install/gps_data/share/gps_data/hook/ament_prefix_path.sh'
[0.848s] INFO:colcon.colcon_core.shell:Skip shell extension 'powershell' for command environment: Not usable outside of PowerShell
[0.848s] DEBUG:colcon.colcon_core.shell:Skip shell extension 'dsv' for command environment
[0.855s] INFO:colcon.colcon_ros.task.ament_python.build:Building ROS package in '/home/tera/ros2_ws2/src/teleop' with build type 'ament_python'
[0.855s] Level 1:colcon.colcon_core.shell:create_environment_hook('teleop', 'ament_prefix_path')
[0.856s] INFO:colcon.colcon_core.shell:Creating environment hook '/home/tera/ros2_ws2/install/teleop/share/teleop/hook/ament_prefix_path.ps1'
[0.857s] INFO:colcon.colcon_core.shell:Creating environment descriptor '/home/tera/ros2_ws2/install/teleop/share/teleop/hook/ament_prefix_path.dsv'
[0.858s] INFO:colcon.colcon_core.shell:Creating environment hook '/home/tera/ros2_ws2/install/teleop/share/teleop/hook/ament_prefix_path.sh'
[0.859s] INFO:colcon.colcon_core.shell:Skip shell extension 'powershell' for command environment: Not usable outside of PowerShell
[0.859s] DEBUG:colcon.colcon_core.shell:Skip shell extension 'dsv' for command environment
[1.421s] INFO:colcon.colcon_core.task.python.build:Building Python package in '/home/tera/ros2_ws2/src/gps_data'
[1.422s] INFO:colcon.colcon_core.shell:Skip shell extension 'powershell' for command environment: Not usable outside of PowerShell
[1.422s] DEBUG:colcon.colcon_core.shell:Skip shell extension 'dsv' for command environment
[2.017s] INFO:colcon.colcon_core.task.python.build:Building Python package in '/home/tera/ros2_ws2/src/teleop'
[2.018s] INFO:colcon.colcon_core.shell:Skip shell extension 'powershell' for command environment: Not usable outside of PowerShell
[2.018s] DEBUG:colcon.colcon_core.shell:Skip shell extension 'dsv' for command environment
[2.825s] DEBUG:colcon.colcon_core.task.python.build:While undoing a previous installation files outside the Python library path are being ignored: /home/tera/ros2_ws2/install/gps_data/share/ament_index/resource_index/packages/gps_data
[2.825s] DEBUG:colcon.colcon_core.task.python.build:While undoing a previous installation files outside the Python library path are being ignored: /home/tera/ros2_ws2/install/gps_data/share/gps_data/package.xml
[2.831s] DEBUG:colcon.colcon_core.event_handler.log_command:Invoking command in '/home/tera/ros2_ws2/build/gps_data': PYTHONPATH=/home/tera/ros2_ws2/build/gps_data/prefix_override:/home/tera/ros2_ws2/install/gps_data/lib/python3.10/site-packages:${PYTHONPATH} /usr/bin/python3 -W ignore:setup.py install is deprecated setup.py develop --editable --build-directory /home/tera/ros2_ws2/build/gps_data/build --no-deps symlink_data --force
[2.839s] DEBUG:colcon.colcon_core.task.python.build:While undoing a previous installation files outside the Python library path are being ignored: /home/tera/ros2_ws2/install/teleop/share/ament_index/resource_index/packages/teleop
[2.839s] DEBUG:colcon.colcon_core.task.python.build:While undoing a previous installation files outside the Python library path are being ignored: /home/tera/ros2_ws2/install/teleop/share/teleop/package.xml
[2.839s] DEBUG:colcon.colcon_core.task.python.build:While undoing a previous installation files outside the Python library path are being ignored: /home/tera/ros2_ws2/install/teleop/lib/teleop/talker
[2.845s] DEBUG:colcon.colcon_core.event_handler.log_command:Invoking command in '/home/tera/ros2_ws2/build/teleop': PYTHONPATH=/home/tera/ros2_ws2/build/teleop/prefix_override:/home/tera/ros2_ws2/install/teleop/lib/python3.10/site-packages:${PYTHONPATH} /usr/bin/python3 -W ignore:setup.py install is deprecated setup.py develop --editable --build-directory /home/tera/ros2_ws2/build/teleop/build --no-deps symlink_data --force
[3.895s] Level 1:colcon.colcon_core.shell:create_environment_hook('gps_data', 'pythonpath_develop')
[3.896s] INFO:colcon.colcon_core.shell:Creating environment hook '/home/tera/ros2_ws2/build/gps_data/share/gps_data/hook/pythonpath_develop.ps1'
[3.898s] DEBUG:colcon.colcon_core.event_handler.log_command:Invoked command in '/home/tera/ros2_ws2/build/gps_data' returned '0': PYTHONPATH=/home/tera/ros2_ws2/build/gps_data/prefix_override:/home/tera/ros2_ws2/install/gps_data/lib/python3.10/site-packages:${PYTHONPATH} /usr/bin/python3 -W ignore:setup.py install is deprecated setup.py develop --editable --build-directory /home/tera/ros2_ws2/build/gps_data/build --no-deps symlink_data --force
[3.899s] INFO:colcon.colcon_core.shell:Creating environment descriptor '/home/tera/ros2_ws2/build/gps_data/share/gps_data/hook/pythonpath_develop.dsv'
[3.900s] INFO:colcon.colcon_core.shell:Creating environment hook '/home/tera/ros2_ws2/build/gps_data/share/gps_data/hook/pythonpath_develop.sh'
[3.912s] Level 1:colcon.colcon_core.environment:checking '/home/tera/ros2_ws2/install/gps_data' for CMake module files
[3.913s] Level 1:colcon.colcon_core.environment:checking '/home/tera/ros2_ws2/install/gps_data' for CMake config files
[3.916s] Level 1:colcon.colcon_core.environment:checking '/home/tera/ros2_ws2/install/gps_data/lib'
[3.916s] Level 1:colcon.colcon_core.environment:checking '/home/tera/ros2_ws2/install/gps_data/bin'
[3.916s] Level 1:colcon.colcon_core.environment:checking '/home/tera/ros2_ws2/install/gps_data/lib/pkgconfig/gps_data.pc'
[3.917s] Level 1:colcon.colcon_core.environment:checking '/home/tera/ros2_ws2/install/gps_data/lib/python3.10/site-packages'
[3.918s] Level 1:colcon.colcon_core.shell:create_environment_hook('gps_data', 'pythonpath')
[3.918s] INFO:colcon.colcon_core.shell:Creating environment hook '/home/tera/ros2_ws2/install/gps_data/share/gps_data/hook/pythonpath.ps1'
[3.920s] INFO:colcon.colcon_core.shell:Creating environment descriptor '/home/tera/ros2_ws2/install/gps_data/share/gps_data/hook/pythonpath.dsv'
[3.921s] INFO:colcon.colcon_core.shell:Creating environment hook '/home/tera/ros2_ws2/install/gps_data/share/gps_data/hook/pythonpath.sh'
[3.923s] Level 1:colcon.colcon_core.environment:checking '/home/tera/ros2_ws2/install/gps_data/bin'
[3.923s] Level 1:colcon.colcon_core.environment:create_environment_scripts_only(gps_data)
[3.924s] INFO:colcon.colcon_core.shell:Creating package script '/home/tera/ros2_ws2/install/gps_data/share/gps_data/package.ps1'
[3.928s] INFO:colcon.colcon_core.shell:Creating package descriptor '/home/tera/ros2_ws2/install/gps_data/share/gps_data/package.dsv'
[3.930s] INFO:colcon.colcon_core.shell:Creating package script '/home/tera/ros2_ws2/install/gps_data/share/gps_data/package.sh'
[3.933s] INFO:colcon.colcon_core.shell:Creating package script '/home/tera/ros2_ws2/install/gps_data/share/gps_data/package.bash'
[3.935s] INFO:colcon.colcon_core.shell:Creating package script '/home/tera/ros2_ws2/install/gps_data/share/gps_data/package.zsh'
[3.938s] Level 1:colcon.colcon_core.environment:create_file_with_runtime_dependencies(/home/tera/ros2_ws2/install/gps_data/share/colcon-core/packages/gps_data)
[3.941s] Level 1:colcon.colcon_core.shell:create_environment_hook('teleop', 'pythonpath_develop')
[3.942s] INFO:colcon.colcon_core.shell:Creating environment hook '/home/tera/ros2_ws2/build/teleop/share/teleop/hook/pythonpath_develop.ps1'
[3.944s] DEBUG:colcon.colcon_core.event_handler.log_command:Invoked command in '/home/tera/ros2_ws2/build/teleop' returned '0': PYTHONPATH=/home/tera/ros2_ws2/build/teleop/prefix_override:/home/tera/ros2_ws2/install/teleop/lib/python3.10/site-packages:${PYTHONPATH} /usr/bin/python3 -W ignore:setup.py install is deprecated setup.py develop --editable --build-directory /home/tera/ros2_ws2/build/teleop/build --no-deps symlink_data --force
[3.945s] INFO:colcon.colcon_core.shell:Creating environment descriptor '/home/tera/ros2_ws2/build/teleop/share/teleop/hook/pythonpath_develop.dsv'
[3.946s] INFO:colcon.colcon_core.shell:Creating environment hook '/home/tera/ros2_ws2/build/teleop/share/teleop/hook/pythonpath_develop.sh'
[3.948s] Level 1:colcon.colcon_core.environment:checking '/home/tera/ros2_ws2/install/teleop' for CMake module files
[3.950s] Level 1:colcon.colcon_core.environment:checking '/home/tera/ros2_ws2/install/teleop' for CMake config files
[3.951s] Level 1:colcon.colcon_core.environment:checking '/home/tera/ros2_ws2/install/teleop/lib'
[3.952s] Level 1:colcon.colcon_core.environment:checking '/home/tera/ros2_ws2/install/teleop/bin'
[3.952s] Level 1:colcon.colcon_core.environment:checking '/home/tera/ros2_ws2/install/teleop/lib/pkgconfig/teleop.pc'
[3.953s] Level 1:colcon.colcon_core.environment:checking '/home/tera/ros2_ws2/install/teleop/lib/python3.10/site-packages'
[3.953s] Level 1:colcon.colcon_core.shell:create_environment_hook('teleop', 'pythonpath')
[3.954s] INFO:colcon.colcon_core.shell:Creating environment hook '/home/tera/ros2_ws2/install/teleop/share/teleop/hook/pythonpath.ps1'
[3.956s] INFO:colcon.colcon_core.shell:Creating environment descriptor '/home/tera/ros2_ws2/install/teleop/share/teleop/hook/pythonpath.dsv'
[3.957s] INFO:colcon.colcon_core.shell:Creating environment hook '/home/tera/ros2_ws2/install/teleop/share/teleop/hook/pythonpath.sh'
[3.958s] Level 1:colcon.colcon_core.environment:checking '/home/tera/ros2_ws2/install/teleop/bin'
[3.959s] Level 1:colcon.colcon_core.environment:create_environment_scripts_only(teleop)
[3.959s] INFO:colcon.colcon_core.shell:Creating package script '/home/tera/ros2_ws2/install/teleop/share/teleop/package.ps1'
[3.960s] INFO:colcon.colcon_core.shell:Creating package descriptor '/home/tera/ros2_ws2/install/teleop/share/teleop/package.dsv'
[3.961s] INFO:colcon.colcon_core.shell:Creating package script '/home/tera/ros2_ws2/install/teleop/share/teleop/package.sh'
[3.962s] INFO:colcon.colcon_core.shell:Creating package script '/home/tera/ros2_ws2/install/teleop/share/teleop/package.bash'
[3.963s] INFO:colcon.colcon_core.shell:Creating package script '/home/tera/ros2_ws2/install/teleop/share/teleop/package.zsh'
[3.965s] Level 1:colcon.colcon_core.environment:create_file_with_runtime_dependencies(/home/tera/ros2_ws2/install/teleop/share/colcon-core/packages/teleop)
[3.965s] DEBUG:colcon.colcon_parallel_executor.executor.parallel:closing loop
[3.966s] DEBUG:colcon.colcon_parallel_executor.executor.parallel:loop closed
[3.966s] DEBUG:colcon.colcon_parallel_executor.executor.parallel:run_until_complete finished with '0'
[3.966s] DEBUG:colcon.colcon_core.event_reactor:joining thread
[3.983s] INFO:colcon.colcon_core.plugin_system:Skipping extension 'colcon_notification.desktop_notification.terminal_notifier': Not used on non-Darwin systems
[3.983s] INFO:colcon.colcon_core.plugin_system:Skipping extension 'colcon_notification.desktop_notification.win32': Not used on non-Windows systems
[3.984s] INFO:colcon.colcon_notification.desktop_notification:Sending desktop notification using 'notify2'
[4.060s] DEBUG:colcon.colcon_core.event_reactor:joined thread
[4.061s] INFO:colcon.colcon_core.shell:Creating prefix script '/home/tera/ros2_ws2/install/local_setup.ps1'
[4.064s] INFO:colcon.colcon_core.shell:Creating prefix util module '/home/tera/ros2_ws2/install/_local_setup_util_ps1.py'
[4.067s] INFO:colcon.colcon_core.shell:Creating prefix chain script '/home/tera/ros2_ws2/install/setup.ps1'
[4.070s] INFO:colcon.colcon_core.shell:Creating prefix script '/home/tera/ros2_ws2/install/local_setup.sh'
[4.071s] INFO:colcon.colcon_core.shell:Creating prefix util module '/home/tera/ros2_ws2/install/_local_setup_util_sh.py'
[4.072s] INFO:colcon.colcon_core.shell:Creating prefix chain script '/home/tera/ros2_ws2/install/setup.sh'
[4.075s] INFO:colcon.colcon_core.shell:Creating prefix script '/home/tera/ros2_ws2/install/local_setup.bash'
[4.077s] INFO:colcon.colcon_core.shell:Creating prefix chain script '/home/tera/ros2_ws2/install/setup.bash'
[4.079s] INFO:colcon.colcon_core.shell:Creating prefix script '/home/tera/ros2_ws2/install/local_setup.zsh'
[4.081s] INFO:colcon.colcon_core.shell:Creating prefix chain script '/home/tera/ros2_ws2/install/setup.zsh'
