[1.991s] Invoking command in '/home/tera/ros2_ws2/build/gps_data': PYTHONPATH=/home/tera/ros2_ws2/build/gps_data/prefix_override:/home/tera/ros2_ws2/install/gps_data/lib/python3.10/site-packages:${PYTHONPATH} /usr/bin/python3 -W ignore:setup.py install is deprecated setup.py develop --editable --build-directory /home/tera/ros2_ws2/build/gps_data/build --no-deps symlink_data --force
[2.573s] running develop
[2.574s] /usr/lib/python3/dist-packages/setuptools/command/easy_install.py:158: EasyInstallDeprecationWarning: easy_install command is deprecated. Use build and pip and other standards-based tools.
[2.574s]   warnings.warn(
[2.959s] running egg_info
[2.960s] writing gps_data.egg-info/PKG-INFO
[2.961s] writing dependency_links to gps_data.egg-info/dependency_links.txt
[2.962s] writing entry points to gps_data.egg-info/entry_points.txt
[2.962s] writing requirements to gps_data.egg-info/requires.txt
[2.962s] writing top-level names to gps_data.egg-info/top_level.txt
[2.966s] reading manifest file 'gps_data.egg-info/SOURCES.txt'
[2.968s] writing manifest file 'gps_data.egg-info/SOURCES.txt'
[2.971s] running build_ext
[2.971s] Creating /home/tera/ros2_ws2/install/gps_data/lib/python3.10/site-packages/gps-data.egg-link (link to .)
[2.973s] 
[2.973s] Installed /home/tera/ros2_ws2/build/gps_data
[2.974s] running symlink_data
[2.974s] symbolically linking /home/tera/ros2_ws2/build/gps_data/resource/gps_data -> /home/tera/ros2_ws2/install/gps_data/share/ament_index/resource_index/packages
[2.974s] symbolically linking /home/tera/ros2_ws2/build/gps_data/package.xml -> /home/tera/ros2_ws2/install/gps_data/share/gps_data
[3.059s] Invoked command in '/home/tera/ros2_ws2/build/gps_data' returned '0': PYTHONPATH=/home/tera/ros2_ws2/build/gps_data/prefix_override:/home/tera/ros2_ws2/install/gps_data/lib/python3.10/site-packages:${PYTHONPATH} /usr/bin/python3 -W ignore:setup.py install is deprecated setup.py develop --editable --build-directory /home/tera/ros2_ws2/build/gps_data/build --no-deps symlink_data --force
