/home/tera/ros2_ws2/install/teleop/lib/python3.10/site-packages/teleop/wayfinder.py
/home/tera/ros2_ws2/install/teleop/lib/python3.10/site-packages/teleop/TERA_gps.py
/home/tera/ros2_ws2/install/teleop/lib/python3.10/site-packages/teleop/stanleycontroller.py
/home/tera/ros2_ws2/install/teleop/lib/python3.10/site-packages/teleop/__init__.py
/home/tera/ros2_ws2/install/teleop/lib/python3.10/site-packages/teleop/teleop2arduino.py
/home/tera/ros2_ws2/install/teleop/lib/python3.10/site-packages/teleop/ldlidar_break.py
/home/tera/ros2_ws2/install/teleop/lib/python3.10/site-packages/teleop/stanley_teleop.py
/home/tera/ros2_ws2/install/teleop/lib/python3.10/site-packages/teleop/__pycache__/wayfinder.cpython-310.pyc
/home/tera/ros2_ws2/install/teleop/lib/python3.10/site-packages/teleop/__pycache__/TERA_gps.cpython-310.pyc
/home/tera/ros2_ws2/install/teleop/lib/python3.10/site-packages/teleop/__pycache__/stanleycontroller.cpython-310.pyc
/home/tera/ros2_ws2/install/teleop/lib/python3.10/site-packages/teleop/__pycache__/__init__.cpython-310.pyc
/home/tera/ros2_ws2/install/teleop/lib/python3.10/site-packages/teleop/__pycache__/teleop2arduino.cpython-310.pyc
/home/tera/ros2_ws2/install/teleop/lib/python3.10/site-packages/teleop/__pycache__/ldlidar_break.cpython-310.pyc
/home/tera/ros2_ws2/install/teleop/lib/python3.10/site-packages/teleop/__pycache__/stanley_teleop.cpython-310.pyc
/home/tera/ros2_ws2/install/teleop/share/ament_index/resource_index/packages/teleop
/home/tera/ros2_ws2/install/teleop/share/teleop/package.xml
/home/tera/ros2_ws2/install/teleop/lib/python3.10/site-packages/teleop-0.0.0-py3.10.egg-info/PKG-INFO
/home/tera/ros2_ws2/install/teleop/lib/python3.10/site-packages/teleop-0.0.0-py3.10.egg-info/SOURCES.txt
/home/tera/ros2_ws2/install/teleop/lib/python3.10/site-packages/teleop-0.0.0-py3.10.egg-info/dependency_links.txt
/home/tera/ros2_ws2/install/teleop/lib/python3.10/site-packages/teleop-0.0.0-py3.10.egg-info/top_level.txt
/home/tera/ros2_ws2/install/teleop/lib/python3.10/site-packages/teleop-0.0.0-py3.10.egg-info/entry_points.txt
/home/tera/ros2_ws2/install/teleop/lib/python3.10/site-packages/teleop-0.0.0-py3.10.egg-info/requires.txt
/home/tera/ros2_ws2/install/teleop/lib/python3.10/site-packages/teleop-0.0.0-py3.10.egg-info/zip-safe
/home/tera/ros2_ws2/install/teleop/lib/teleop/talker
