[1.982s] Invoking command in '/home/tera/ros2_ws2/src/teleop': PYTHONPATH=/home/tera/ros2_ws2/build/teleop/prefix_override:/home/tera/ros2_ws2/install/teleop/lib/python3.10/site-packages:${PYTHONPATH} /usr/bin/python3 -W ignore:setup.py install is deprecated setup.py egg_info --egg-base ../../build/teleop build --build-base /home/tera/ros2_ws2/build/teleop/build install --record /home/tera/ros2_ws2/build/teleop/install.log --single-version-externally-managed install_data
[2.488s] running egg_info
[2.489s] creating ../../build/teleop/teleop.egg-info
[2.489s] writing ../../build/teleop/teleop.egg-info/PKG-INFO
[2.490s] writing dependency_links to ../../build/teleop/teleop.egg-info/dependency_links.txt
[2.490s] writing entry points to ../../build/teleop/teleop.egg-info/entry_points.txt
[2.490s] writing requirements to ../../build/teleop/teleop.egg-info/requires.txt
[2.491s] writing top-level names to ../../build/teleop/teleop.egg-info/top_level.txt
[2.491s] writing manifest file '../../build/teleop/teleop.egg-info/SOURCES.txt'
[2.495s] reading manifest file '../../build/teleop/teleop.egg-info/SOURCES.txt'
[2.496s] writing manifest file '../../build/teleop/teleop.egg-info/SOURCES.txt'
[2.496s] running build
[2.497s] running build_py
[2.497s] creating /home/tera/ros2_ws2/build/teleop/build
[2.498s] creating /home/tera/ros2_ws2/build/teleop/build/lib
[2.498s] creating /home/tera/ros2_ws2/build/teleop/build/lib/teleop
[2.498s] copying teleop/wayfinder.py -> /home/tera/ros2_ws2/build/teleop/build/lib/teleop
[2.500s] copying teleop/TERA_gps.py -> /home/tera/ros2_ws2/build/teleop/build/lib/teleop
[2.500s] copying teleop/stanleycontroller.py -> /home/tera/ros2_ws2/build/teleop/build/lib/teleop
[2.501s] copying teleop/__init__.py -> /home/tera/ros2_ws2/build/teleop/build/lib/teleop
[2.501s] copying teleop/teleop2arduino.py -> /home/tera/ros2_ws2/build/teleop/build/lib/teleop
[2.501s] copying teleop/ldlidar_break.py -> /home/tera/ros2_ws2/build/teleop/build/lib/teleop
[2.501s] copying teleop/stanley_teleop.py -> /home/tera/ros2_ws2/build/teleop/build/lib/teleop
[2.502s] running install
[2.503s] running install_lib
[2.504s] creating /home/tera/ros2_ws2/install/teleop/lib/python3.10/site-packages/teleop
[2.505s] copying /home/tera/ros2_ws2/build/teleop/build/lib/teleop/wayfinder.py -> /home/tera/ros2_ws2/install/teleop/lib/python3.10/site-packages/teleop
[2.505s] copying /home/tera/ros2_ws2/build/teleop/build/lib/teleop/TERA_gps.py -> /home/tera/ros2_ws2/install/teleop/lib/python3.10/site-packages/teleop
[2.505s] copying /home/tera/ros2_ws2/build/teleop/build/lib/teleop/stanleycontroller.py -> /home/tera/ros2_ws2/install/teleop/lib/python3.10/site-packages/teleop
[2.505s] copying /home/tera/ros2_ws2/build/teleop/build/lib/teleop/__init__.py -> /home/tera/ros2_ws2/install/teleop/lib/python3.10/site-packages/teleop
[2.505s] copying /home/tera/ros2_ws2/build/teleop/build/lib/teleop/teleop2arduino.py -> /home/tera/ros2_ws2/install/teleop/lib/python3.10/site-packages/teleop
[2.506s] copying /home/tera/ros2_ws2/build/teleop/build/lib/teleop/ldlidar_break.py -> /home/tera/ros2_ws2/install/teleop/lib/python3.10/site-packages/teleop
[2.506s] copying /home/tera/ros2_ws2/build/teleop/build/lib/teleop/stanley_teleop.py -> /home/tera/ros2_ws2/install/teleop/lib/python3.10/site-packages/teleop
[2.507s] byte-compiling /home/tera/ros2_ws2/install/teleop/lib/python3.10/site-packages/teleop/wayfinder.py to wayfinder.cpython-310.pyc
[2.508s] byte-compiling /home/tera/ros2_ws2/install/teleop/lib/python3.10/site-packages/teleop/TERA_gps.py to TERA_gps.cpython-310.pyc
[2.510s] byte-compiling /home/tera/ros2_ws2/install/teleop/lib/python3.10/site-packages/teleop/stanleycontroller.py to stanleycontroller.cpython-310.pyc
[2.511s] byte-compiling /home/tera/ros2_ws2/install/teleop/lib/python3.10/site-packages/teleop/__init__.py to __init__.cpython-310.pyc
[2.511s] byte-compiling /home/tera/ros2_ws2/install/teleop/lib/python3.10/site-packages/teleop/teleop2arduino.py to teleop2arduino.cpython-310.pyc
[2.512s] byte-compiling /home/tera/ros2_ws2/install/teleop/lib/python3.10/site-packages/teleop/ldlidar_break.py to ldlidar_break.cpython-310.pyc
[2.513s] byte-compiling /home/tera/ros2_ws2/install/teleop/lib/python3.10/site-packages/teleop/stanley_teleop.py to stanley_teleop.cpython-310.pyc
[2.513s] running install_data
[2.514s] creating /home/tera/ros2_ws2/install/teleop/share/ament_index
[2.514s] creating /home/tera/ros2_ws2/install/teleop/share/ament_index/resource_index
[2.514s] creating /home/tera/ros2_ws2/install/teleop/share/ament_index/resource_index/packages
[2.515s] copying resource/teleop -> /home/tera/ros2_ws2/install/teleop/share/ament_index/resource_index/packages
[2.515s] copying package.xml -> /home/tera/ros2_ws2/install/teleop/share/teleop
[2.515s] running install_egg_info
[2.518s] Copying ../../build/teleop/teleop.egg-info to /home/tera/ros2_ws2/install/teleop/lib/python3.10/site-packages/teleop-0.0.0-py3.10.egg-info
[2.521s] running install_scripts
[2.563s] Installing talker script to /home/tera/ros2_ws2/install/teleop/lib/teleop
[2.564s] writing list of installed files to '/home/tera/ros2_ws2/build/teleop/install.log'
[2.672s] Invoked command in '/home/tera/ros2_ws2/src/teleop' returned '0': PYTHONPATH=/home/tera/ros2_ws2/build/teleop/prefix_override:/home/tera/ros2_ws2/install/teleop/lib/python3.10/site-packages:${PYTHONPATH} /usr/bin/python3 -W ignore:setup.py install is deprecated setup.py egg_info --egg-base ../../build/teleop build --build-base /home/tera/ros2_ws2/build/teleop/build install --record /home/tera/ros2_ws2/build/teleop/install.log --single-version-externally-managed install_data
