[0.484s] DEBUG:colcon:Command line arguments: ['/usr/bin/colcon', 'build']
[0.485s] DEBUG:colcon:Parsed command line arguments: Namespace(log_base=None, log_level=None, verb_name='build', build_base='build', install_base='install', merge_install=False, symlink_install=False, test_result_base=None, continue_on_error=False, executor='parallel', parallel_workers=6, event_handlers=None, ignore_user_meta=False, metas=['./colcon.meta'], base_paths=['.'], packages_ignore=None, packages_ignore_regex=None, paths=None, packages_up_to=None, packages_up_to_regex=None, packages_above=None, packages_above_and_dependencies=None, packages_above_depth=None, packages_select_by_dep=None, packages_skip_by_dep=None, packages_skip_up_to=None, packages_select_build_failed=False, packages_skip_build_finished=False, packages_select_test_failures=False, packages_skip_test_passed=False, packages_select=None, packages_skip=None, packages_select_regex=None, packages_skip_regex=None, packages_start=None, packages_end=None, allow_overriding=[], cmake_args=None, cmake_target=None, cmake_target_skip_unavailable=False, cmake_clean_cache=False, cmake_clean_first=False, cmake_force_configure=False, ament_cmake_args=None, catkin_cmake_args=None, catkin_skip_building_tests=False, mixin_files=None, mixin=None, verb_parser=<colcon_mixin.mixin.mixin_argument.MixinArgumentDecorator object at 0xffff82169c60>, verb_extension=<colcon_core.verb.build.BuildVerb object at 0xffff823322f0>, main=<bound method BuildVerb.main of <colcon_core.verb.build.BuildVerb object at 0xffff823322f0>>, mixin_verb=('build',))
[1.189s] Level 1:colcon.colcon_core.package_discovery:discover_packages(colcon_meta) check parameters
[1.189s] Level 1:colcon.colcon_core.package_discovery:discover_packages(recursive) check parameters
[1.190s] Level 1:colcon.colcon_core.package_discovery:discover_packages(ignore) check parameters
[1.190s] Level 1:colcon.colcon_core.package_discovery:discover_packages(path) check parameters
[1.190s] Level 1:colcon.colcon_core.package_discovery:discover_packages(colcon_meta) discover
[1.191s] Level 1:colcon.colcon_core.package_discovery:discover_packages(recursive) discover
[1.191s] INFO:colcon.colcon_core.package_discovery:Crawling recursively for packages in '/home/tera/ros2_ws2'
[1.191s] Level 1:colcon.colcon_core.package_identification:_identify(.) by extensions ['ignore', 'ignore_ament_install']
[1.191s] Level 1:colcon.colcon_core.package_identification:_identify(.) by extension 'ignore'
[1.191s] Level 1:colcon.colcon_core.package_identification:_identify(.) by extension 'ignore_ament_install'
[1.191s] Level 1:colcon.colcon_core.package_identification:_identify(.) by extensions ['colcon_pkg']
[1.192s] Level 1:colcon.colcon_core.package_identification:_identify(.) by extension 'colcon_pkg'
[1.192s] Level 1:colcon.colcon_core.package_identification:_identify(.) by extensions ['colcon_meta']
[1.192s] Level 1:colcon.colcon_core.package_identification:_identify(.) by extension 'colcon_meta'
[1.192s] Level 1:colcon.colcon_core.package_identification:_identify(.) by extensions ['ros']
[1.192s] Level 1:colcon.colcon_core.package_identification:_identify(.) by extension 'ros'
[1.218s] Level 1:colcon.colcon_core.package_identification:_identify(.) by extensions ['cmake', 'python']
[1.218s] Level 1:colcon.colcon_core.package_identification:_identify(.) by extension 'cmake'
[1.219s] Level 1:colcon.colcon_core.package_identification:_identify(.) by extension 'python'
[1.219s] Level 1:colcon.colcon_core.package_identification:_identify(.) by extensions ['python_setup_py']
[1.219s] Level 1:colcon.colcon_core.package_identification:_identify(.) by extension 'python_setup_py'
[1.219s] Level 1:colcon.colcon_core.package_identification:_identify(build) by extensions ['ignore', 'ignore_ament_install']
[1.219s] Level 1:colcon.colcon_core.package_identification:_identify(build) by extension 'ignore'
[1.219s] Level 1:colcon.colcon_core.package_identification:_identify(build) ignored
[1.220s] Level 1:colcon.colcon_core.package_identification:_identify(install) by extensions ['ignore', 'ignore_ament_install']
[1.220s] Level 1:colcon.colcon_core.package_identification:_identify(install) by extension 'ignore'
[1.220s] Level 1:colcon.colcon_core.package_identification:_identify(install) ignored
[1.220s] Level 1:colcon.colcon_core.package_identification:_identify(log) by extensions ['ignore', 'ignore_ament_install']
[1.220s] Level 1:colcon.colcon_core.package_identification:_identify(log) by extension 'ignore'
[1.220s] Level 1:colcon.colcon_core.package_identification:_identify(log) ignored
[1.221s] Level 1:colcon.colcon_core.package_identification:_identify(src) by extensions ['ignore', 'ignore_ament_install']
[1.221s] Level 1:colcon.colcon_core.package_identification:_identify(src) by extension 'ignore'
[1.221s] Level 1:colcon.colcon_core.package_identification:_identify(src) by extension 'ignore_ament_install'
[1.221s] Level 1:colcon.colcon_core.package_identification:_identify(src) by extensions ['colcon_pkg']
[1.221s] Level 1:colcon.colcon_core.package_identification:_identify(src) by extension 'colcon_pkg'
[1.221s] Level 1:colcon.colcon_core.package_identification:_identify(src) by extensions ['colcon_meta']
[1.221s] Level 1:colcon.colcon_core.package_identification:_identify(src) by extension 'colcon_meta'
[1.221s] Level 1:colcon.colcon_core.package_identification:_identify(src) by extensions ['ros']
[1.222s] Level 1:colcon.colcon_core.package_identification:_identify(src) by extension 'ros'
[1.222s] Level 1:colcon.colcon_core.package_identification:_identify(src) by extensions ['cmake', 'python']
[1.222s] Level 1:colcon.colcon_core.package_identification:_identify(src) by extension 'cmake'
[1.222s] Level 1:colcon.colcon_core.package_identification:_identify(src) by extension 'python'
[1.222s] Level 1:colcon.colcon_core.package_identification:_identify(src) by extensions ['python_setup_py']
[1.222s] Level 1:colcon.colcon_core.package_identification:_identify(src) by extension 'python_setup_py'
[1.222s] Level 1:colcon.colcon_core.package_identification:_identify(src/gps_data) by extensions ['ignore', 'ignore_ament_install']
[1.222s] Level 1:colcon.colcon_core.package_identification:_identify(src/gps_data) by extension 'ignore'
[1.223s] Level 1:colcon.colcon_core.package_identification:_identify(src/gps_data) by extension 'ignore_ament_install'
[1.223s] Level 1:colcon.colcon_core.package_identification:_identify(src/gps_data) by extensions ['colcon_pkg']
[1.223s] Level 1:colcon.colcon_core.package_identification:_identify(src/gps_data) by extension 'colcon_pkg'
[1.223s] Level 1:colcon.colcon_core.package_identification:_identify(src/gps_data) by extensions ['colcon_meta']
[1.223s] Level 1:colcon.colcon_core.package_identification:_identify(src/gps_data) by extension 'colcon_meta'
[1.223s] Level 1:colcon.colcon_core.package_identification:_identify(src/gps_data) by extensions ['ros']
[1.223s] Level 1:colcon.colcon_core.package_identification:_identify(src/gps_data) by extension 'ros'
[1.227s] DEBUG:colcon.colcon_core.package_identification:Package 'src/gps_data' with type 'ros.ament_python' and name 'gps_data'
[1.228s] Level 1:colcon.colcon_core.package_identification:_identify(src/teleop) by extensions ['ignore', 'ignore_ament_install']
[1.228s] Level 1:colcon.colcon_core.package_identification:_identify(src/teleop) by extension 'ignore'
[1.228s] Level 1:colcon.colcon_core.package_identification:_identify(src/teleop) by extension 'ignore_ament_install'
[1.228s] Level 1:colcon.colcon_core.package_identification:_identify(src/teleop) by extensions ['colcon_pkg']
[1.228s] Level 1:colcon.colcon_core.package_identification:_identify(src/teleop) by extension 'colcon_pkg'
[1.228s] Level 1:colcon.colcon_core.package_identification:_identify(src/teleop) by extensions ['colcon_meta']
[1.228s] Level 1:colcon.colcon_core.package_identification:_identify(src/teleop) by extension 'colcon_meta'
[1.229s] Level 1:colcon.colcon_core.package_identification:_identify(src/teleop) by extensions ['ros']
[1.229s] Level 1:colcon.colcon_core.package_identification:_identify(src/teleop) by extension 'ros'
[1.230s] DEBUG:colcon.colcon_core.package_identification:Package 'src/teleop' with type 'ros.ament_python' and name 'teleop'
[1.230s] Level 1:colcon.colcon_core.package_discovery:discover_packages(recursive) using defaults
[1.230s] Level 1:colcon.colcon_core.package_discovery:discover_packages(ignore) discover
[1.230s] Level 1:colcon.colcon_core.package_discovery:discover_packages(ignore) using defaults
[1.230s] Level 1:colcon.colcon_core.package_discovery:discover_packages(path) discover
[1.230s] Level 1:colcon.colcon_core.package_discovery:discover_packages(path) using defaults
[1.320s] Level 1:colcon.colcon_core.package_discovery:discover_packages(prefix_path) check parameters
[1.320s] Level 1:colcon.colcon_core.package_discovery:discover_packages(prefix_path) discover
[1.353s] DEBUG:colcon.colcon_installed_package_information.package_discovery:Found 2 installed packages in /home/tera/ros2_ws2/install
[1.371s] DEBUG:colcon.colcon_installed_package_information.package_discovery:Found 317 installed packages in /home/tera/ros2_ws/install
[1.377s] DEBUG:colcon.colcon_installed_package_information.package_discovery:Found 307 installed packages in /opt/ros/humble
[1.396s] Level 1:colcon.colcon_core.package_discovery:discover_packages(prefix_path) using defaults
[1.673s] Level 5:colcon.colcon_core.verb:set package 'gps_data' build argument 'cmake_args' from command line to 'None'
[1.673s] Level 5:colcon.colcon_core.verb:set package 'gps_data' build argument 'cmake_target' from command line to 'None'
[1.674s] Level 5:colcon.colcon_core.verb:set package 'gps_data' build argument 'cmake_target_skip_unavailable' from command line to 'False'
[1.674s] Level 5:colcon.colcon_core.verb:set package 'gps_data' build argument 'cmake_clean_cache' from command line to 'False'
[1.674s] Level 5:colcon.colcon_core.verb:set package 'gps_data' build argument 'cmake_clean_first' from command line to 'False'
[1.674s] Level 5:colcon.colcon_core.verb:set package 'gps_data' build argument 'cmake_force_configure' from command line to 'False'
[1.674s] Level 5:colcon.colcon_core.verb:set package 'gps_data' build argument 'ament_cmake_args' from command line to 'None'
[1.674s] Level 5:colcon.colcon_core.verb:set package 'gps_data' build argument 'catkin_cmake_args' from command line to 'None'
[1.674s] Level 5:colcon.colcon_core.verb:set package 'gps_data' build argument 'catkin_skip_building_tests' from command line to 'False'
[1.674s] DEBUG:colcon.colcon_core.verb:Building package 'gps_data' with the following arguments: {'ament_cmake_args': None, 'build_base': '/home/tera/ros2_ws2/build/gps_data', 'catkin_cmake_args': None, 'catkin_skip_building_tests': False, 'cmake_args': None, 'cmake_clean_cache': False, 'cmake_clean_first': False, 'cmake_force_configure': False, 'cmake_target': None, 'cmake_target_skip_unavailable': False, 'install_base': '/home/tera/ros2_ws2/install/gps_data', 'merge_install': False, 'path': '/home/tera/ros2_ws2/src/gps_data', 'symlink_install': False, 'test_result_base': None}
[1.675s] Level 5:colcon.colcon_core.verb:set package 'teleop' build argument 'cmake_args' from command line to 'None'
[1.675s] Level 5:colcon.colcon_core.verb:set package 'teleop' build argument 'cmake_target' from command line to 'None'
[1.675s] Level 5:colcon.colcon_core.verb:set package 'teleop' build argument 'cmake_target_skip_unavailable' from command line to 'False'
[1.675s] Level 5:colcon.colcon_core.verb:set package 'teleop' build argument 'cmake_clean_cache' from command line to 'False'
[1.675s] Level 5:colcon.colcon_core.verb:set package 'teleop' build argument 'cmake_clean_first' from command line to 'False'
[1.675s] Level 5:colcon.colcon_core.verb:set package 'teleop' build argument 'cmake_force_configure' from command line to 'False'
[1.675s] Level 5:colcon.colcon_core.verb:set package 'teleop' build argument 'ament_cmake_args' from command line to 'None'
[1.675s] Level 5:colcon.colcon_core.verb:set package 'teleop' build argument 'catkin_cmake_args' from command line to 'None'
[1.675s] Level 5:colcon.colcon_core.verb:set package 'teleop' build argument 'catkin_skip_building_tests' from command line to 'False'
[1.675s] DEBUG:colcon.colcon_core.verb:Building package 'teleop' with the following arguments: {'ament_cmake_args': None, 'build_base': '/home/tera/ros2_ws2/build/teleop', 'catkin_cmake_args': None, 'catkin_skip_building_tests': False, 'cmake_args': None, 'cmake_clean_cache': False, 'cmake_clean_first': False, 'cmake_force_configure': False, 'cmake_target': None, 'cmake_target_skip_unavailable': False, 'install_base': '/home/tera/ros2_ws2/install/teleop', 'merge_install': False, 'path': '/home/tera/ros2_ws2/src/teleop', 'symlink_install': False, 'test_result_base': None}
[1.675s] INFO:colcon.colcon_core.executor:Executing jobs using 'parallel' executor
[1.678s] DEBUG:colcon.colcon_parallel_executor.executor.parallel:run_until_complete
[1.679s] INFO:colcon.colcon_ros.task.ament_python.build:Building ROS package in '/home/tera/ros2_ws2/src/gps_data' with build type 'ament_python'
[1.679s] Level 1:colcon.colcon_core.shell:create_environment_hook('gps_data', 'ament_prefix_path')
[1.691s] INFO:colcon.colcon_core.plugin_system:Skipping extension 'colcon_core.shell.bat': Not used on non-Windows systems
[1.692s] INFO:colcon.colcon_core.shell:Creating environment hook '/home/tera/ros2_ws2/install/gps_data/share/gps_data/hook/ament_prefix_path.ps1'
[1.694s] INFO:colcon.colcon_core.shell:Creating environment descriptor '/home/tera/ros2_ws2/install/gps_data/share/gps_data/hook/ament_prefix_path.dsv'
[1.695s] INFO:colcon.colcon_core.shell:Creating environment hook '/home/tera/ros2_ws2/install/gps_data/share/gps_data/hook/ament_prefix_path.sh'
[1.697s] INFO:colcon.colcon_core.shell:Skip shell extension 'powershell' for command environment: Not usable outside of PowerShell
[1.697s] DEBUG:colcon.colcon_core.shell:Skip shell extension 'dsv' for command environment
[1.745s] INFO:colcon.colcon_ros.task.ament_python.build:Building ROS package in '/home/tera/ros2_ws2/src/teleop' with build type 'ament_python'
[1.746s] Level 1:colcon.colcon_core.shell:create_environment_hook('teleop', 'ament_prefix_path')
[1.746s] INFO:colcon.colcon_core.shell:Creating environment hook '/home/tera/ros2_ws2/install/teleop/share/teleop/hook/ament_prefix_path.ps1'
[1.747s] INFO:colcon.colcon_core.shell:Creating environment descriptor '/home/tera/ros2_ws2/install/teleop/share/teleop/hook/ament_prefix_path.dsv'
[1.748s] INFO:colcon.colcon_core.shell:Creating environment hook '/home/tera/ros2_ws2/install/teleop/share/teleop/hook/ament_prefix_path.sh'
[1.749s] INFO:colcon.colcon_core.shell:Skip shell extension 'powershell' for command environment: Not usable outside of PowerShell
[1.749s] DEBUG:colcon.colcon_core.shell:Skip shell extension 'dsv' for command environment
[3.020s] INFO:colcon.colcon_core.task.python.build:Building Python package in '/home/tera/ros2_ws2/src/gps_data'
[3.021s] INFO:colcon.colcon_core.shell:Skip shell extension 'powershell' for command environment: Not usable outside of PowerShell
[3.021s] DEBUG:colcon.colcon_core.shell:Skip shell extension 'dsv' for command environment
[4.238s] INFO:colcon.colcon_core.task.python.build:Building Python package in '/home/tera/ros2_ws2/src/teleop'
[4.239s] INFO:colcon.colcon_core.shell:Skip shell extension 'powershell' for command environment: Not usable outside of PowerShell
[4.239s] DEBUG:colcon.colcon_core.shell:Skip shell extension 'dsv' for command environment
[5.885s] DEBUG:colcon.colcon_core.event_handler.log_command:Invoking command in '/home/tera/ros2_ws2/build/teleop': PYTHONPATH=/home/tera/ros2_ws2/build/teleop/prefix_override:/home/tera/ros2_ws2/install/teleop/lib/python3.10/site-packages:${PYTHONPATH} /usr/bin/python3 -W ignore:setup.py install is deprecated setup.py develop --uninstall --editable --build-directory /home/tera/ros2_ws2/build/teleop/build
[5.917s] DEBUG:colcon.colcon_core.event_handler.log_command:Invoking command in '/home/tera/ros2_ws2/build/gps_data': PYTHONPATH=/home/tera/ros2_ws2/build/gps_data/prefix_override:/home/tera/ros2_ws2/install/gps_data/lib/python3.10/site-packages:${PYTHONPATH} /usr/bin/python3 -W ignore:setup.py install is deprecated setup.py develop --uninstall --editable --build-directory /home/tera/ros2_ws2/build/gps_data/build
[7.967s] DEBUG:colcon.colcon_core.event_handler.log_command:Invoked command in '/home/tera/ros2_ws2/build/teleop' returned '0': PYTHONPATH=/home/tera/ros2_ws2/build/teleop/prefix_override:/home/tera/ros2_ws2/install/teleop/lib/python3.10/site-packages:${PYTHONPATH} /usr/bin/python3 -W ignore:setup.py install is deprecated setup.py develop --uninstall --editable --build-directory /home/tera/ros2_ws2/build/teleop/build
[7.973s] DEBUG:colcon.colcon_core.event_handler.log_command:Invoking command in '/home/tera/ros2_ws2/src/teleop': PYTHONPATH=/home/tera/ros2_ws2/build/teleop/prefix_override:/home/tera/ros2_ws2/install/teleop/lib/python3.10/site-packages:${PYTHONPATH} /usr/bin/python3 -W ignore:setup.py install is deprecated setup.py egg_info --egg-base ../../build/teleop build --build-base /home/tera/ros2_ws2/build/teleop/build install --record /home/tera/ros2_ws2/build/teleop/install.log --single-version-externally-managed install_data --force
[7.977s] DEBUG:colcon.colcon_core.event_handler.log_command:Invoked command in '/home/tera/ros2_ws2/build/gps_data' returned '0': PYTHONPATH=/home/tera/ros2_ws2/build/gps_data/prefix_override:/home/tera/ros2_ws2/install/gps_data/lib/python3.10/site-packages:${PYTHONPATH} /usr/bin/python3 -W ignore:setup.py install is deprecated setup.py develop --uninstall --editable --build-directory /home/tera/ros2_ws2/build/gps_data/build
[7.981s] DEBUG:colcon.colcon_core.event_handler.log_command:Invoking command in '/home/tera/ros2_ws2/src/gps_data': PYTHONPATH=/home/tera/ros2_ws2/build/gps_data/prefix_override:/home/tera/ros2_ws2/install/gps_data/lib/python3.10/site-packages:${PYTHONPATH} /usr/bin/python3 -W ignore:setup.py install is deprecated setup.py egg_info --egg-base ../../build/gps_data build --build-base /home/tera/ros2_ws2/build/gps_data/build install --record /home/tera/ros2_ws2/build/gps_data/install.log --single-version-externally-managed install_data --force
[9.316s] DEBUG:colcon.colcon_core.event_handler.log_command:Invoked command in '/home/tera/ros2_ws2/src/teleop' returned '0': PYTHONPATH=/home/tera/ros2_ws2/build/teleop/prefix_override:/home/tera/ros2_ws2/install/teleop/lib/python3.10/site-packages:${PYTHONPATH} /usr/bin/python3 -W ignore:setup.py install is deprecated setup.py egg_info --egg-base ../../build/teleop build --build-base /home/tera/ros2_ws2/build/teleop/build install --record /home/tera/ros2_ws2/build/teleop/install.log --single-version-externally-managed install_data --force
[9.340s] Level 1:colcon.colcon_core.environment:checking '/home/tera/ros2_ws2/install/teleop' for CMake module files
[9.342s] Level 1:colcon.colcon_core.environment:checking '/home/tera/ros2_ws2/install/teleop' for CMake config files
[9.344s] Level 1:colcon.colcon_core.environment:checking '/home/tera/ros2_ws2/install/teleop/lib'
[9.345s] Level 1:colcon.colcon_core.environment:checking '/home/tera/ros2_ws2/install/teleop/bin'
[9.345s] Level 1:colcon.colcon_core.environment:checking '/home/tera/ros2_ws2/install/teleop/lib/pkgconfig/teleop.pc'
[9.346s] Level 1:colcon.colcon_core.environment:checking '/home/tera/ros2_ws2/install/teleop/lib/python3.10/site-packages'
[9.346s] Level 1:colcon.colcon_core.shell:create_environment_hook('teleop', 'pythonpath')
[9.347s] INFO:colcon.colcon_core.shell:Creating environment hook '/home/tera/ros2_ws2/install/teleop/share/teleop/hook/pythonpath.ps1'
[9.349s] INFO:colcon.colcon_core.shell:Creating environment descriptor '/home/tera/ros2_ws2/install/teleop/share/teleop/hook/pythonpath.dsv'
[9.350s] INFO:colcon.colcon_core.shell:Creating environment hook '/home/tera/ros2_ws2/install/teleop/share/teleop/hook/pythonpath.sh'
[9.351s] Level 1:colcon.colcon_core.environment:checking '/home/tera/ros2_ws2/install/teleop/bin'
[9.351s] Level 1:colcon.colcon_core.environment:create_environment_scripts_only(teleop)
[9.352s] INFO:colcon.colcon_core.shell:Creating package script '/home/tera/ros2_ws2/install/teleop/share/teleop/package.ps1'
[9.355s] INFO:colcon.colcon_core.shell:Creating package descriptor '/home/tera/ros2_ws2/install/teleop/share/teleop/package.dsv'
[9.356s] INFO:colcon.colcon_core.shell:Creating package script '/home/tera/ros2_ws2/install/teleop/share/teleop/package.sh'
[9.358s] INFO:colcon.colcon_core.shell:Creating package script '/home/tera/ros2_ws2/install/teleop/share/teleop/package.bash'
[9.361s] INFO:colcon.colcon_core.shell:Creating package script '/home/tera/ros2_ws2/install/teleop/share/teleop/package.zsh'
[9.363s] Level 1:colcon.colcon_core.environment:create_file_with_runtime_dependencies(/home/tera/ros2_ws2/install/teleop/share/colcon-core/packages/teleop)
[9.367s] Level 1:colcon.colcon_core.environment:checking '/home/tera/ros2_ws2/install/gps_data' for CMake module files
[9.369s] DEBUG:colcon.colcon_core.event_handler.log_command:Invoked command in '/home/tera/ros2_ws2/src/gps_data' returned '0': PYTHONPATH=/home/tera/ros2_ws2/build/gps_data/prefix_override:/home/tera/ros2_ws2/install/gps_data/lib/python3.10/site-packages:${PYTHONPATH} /usr/bin/python3 -W ignore:setup.py install is deprecated setup.py egg_info --egg-base ../../build/gps_data build --build-base /home/tera/ros2_ws2/build/gps_data/build install --record /home/tera/ros2_ws2/build/gps_data/install.log --single-version-externally-managed install_data --force
[9.370s] Level 1:colcon.colcon_core.environment:checking '/home/tera/ros2_ws2/install/gps_data' for CMake config files
[9.372s] Level 1:colcon.colcon_core.environment:checking '/home/tera/ros2_ws2/install/gps_data/lib'
[9.372s] Level 1:colcon.colcon_core.environment:checking '/home/tera/ros2_ws2/install/gps_data/bin'
[9.372s] Level 1:colcon.colcon_core.environment:checking '/home/tera/ros2_ws2/install/gps_data/lib/pkgconfig/gps_data.pc'
[9.373s] Level 1:colcon.colcon_core.environment:checking '/home/tera/ros2_ws2/install/gps_data/lib/python3.10/site-packages'
[9.374s] Level 1:colcon.colcon_core.shell:create_environment_hook('gps_data', 'pythonpath')
[9.374s] INFO:colcon.colcon_core.shell:Creating environment hook '/home/tera/ros2_ws2/install/gps_data/share/gps_data/hook/pythonpath.ps1'
[9.376s] INFO:colcon.colcon_core.shell:Creating environment descriptor '/home/tera/ros2_ws2/install/gps_data/share/gps_data/hook/pythonpath.dsv'
[9.377s] INFO:colcon.colcon_core.shell:Creating environment hook '/home/tera/ros2_ws2/install/gps_data/share/gps_data/hook/pythonpath.sh'
[9.379s] Level 1:colcon.colcon_core.environment:checking '/home/tera/ros2_ws2/install/gps_data/bin'
[9.379s] Level 1:colcon.colcon_core.environment:create_environment_scripts_only(gps_data)
[9.380s] INFO:colcon.colcon_core.shell:Creating package script '/home/tera/ros2_ws2/install/gps_data/share/gps_data/package.ps1'
[9.382s] INFO:colcon.colcon_core.shell:Creating package descriptor '/home/tera/ros2_ws2/install/gps_data/share/gps_data/package.dsv'
[9.384s] INFO:colcon.colcon_core.shell:Creating package script '/home/tera/ros2_ws2/install/gps_data/share/gps_data/package.sh'
[9.385s] INFO:colcon.colcon_core.shell:Creating package script '/home/tera/ros2_ws2/install/gps_data/share/gps_data/package.bash'
[9.385s] INFO:colcon.colcon_core.shell:Creating package script '/home/tera/ros2_ws2/install/gps_data/share/gps_data/package.zsh'
[9.386s] Level 1:colcon.colcon_core.environment:create_file_with_runtime_dependencies(/home/tera/ros2_ws2/install/gps_data/share/colcon-core/packages/gps_data)
[9.387s] DEBUG:colcon.colcon_parallel_executor.executor.parallel:closing loop
[9.388s] DEBUG:colcon.colcon_parallel_executor.executor.parallel:loop closed
[9.389s] DEBUG:colcon.colcon_parallel_executor.executor.parallel:run_until_complete finished with '0'
[9.389s] DEBUG:colcon.colcon_core.event_reactor:joining thread
[9.437s] INFO:colcon.colcon_core.plugin_system:Skipping extension 'colcon_notification.desktop_notification.terminal_notifier': Not used on non-Darwin systems
[9.438s] INFO:colcon.colcon_core.plugin_system:Skipping extension 'colcon_notification.desktop_notification.win32': Not used on non-Windows systems
[9.438s] INFO:colcon.colcon_notification.desktop_notification:Sending desktop notification using 'notify2'
[9.481s] DEBUG:colcon.colcon_core.event_reactor:joined thread
[9.482s] INFO:colcon.colcon_core.shell:Creating prefix script '/home/tera/ros2_ws2/install/local_setup.ps1'
[9.486s] INFO:colcon.colcon_core.shell:Creating prefix util module '/home/tera/ros2_ws2/install/_local_setup_util_ps1.py'
[9.491s] INFO:colcon.colcon_core.shell:Creating prefix chain script '/home/tera/ros2_ws2/install/setup.ps1'
[9.533s] INFO:colcon.colcon_core.shell:Creating prefix script '/home/tera/ros2_ws2/install/local_setup.sh'
[9.535s] INFO:colcon.colcon_core.shell:Creating prefix util module '/home/tera/ros2_ws2/install/_local_setup_util_sh.py'
[9.536s] INFO:colcon.colcon_core.shell:Creating prefix chain script '/home/tera/ros2_ws2/install/setup.sh'
[9.568s] INFO:colcon.colcon_core.shell:Creating prefix script '/home/tera/ros2_ws2/install/local_setup.bash'
[9.569s] INFO:colcon.colcon_core.shell:Creating prefix chain script '/home/tera/ros2_ws2/install/setup.bash'
[9.595s] INFO:colcon.colcon_core.shell:Creating prefix script '/home/tera/ros2_ws2/install/local_setup.zsh'
[9.596s] INFO:colcon.colcon_core.shell:Creating prefix chain script '/home/tera/ros2_ws2/install/setup.zsh'
